TimeQuest Timing Analyzer report for bunki_v2
Sat May 22 12:43:31 2021
Quartus Prime Version 17.1.0 Build 590 10/25/2017 SJ Lite Edition


---------------------
; Table of Contents ;
---------------------
  1. Legal Notice
  2. TimeQuest Timing Analyzer Summary
  3. Parallel Compilation
  4. SDC File List
  5. Clocks
  6. Slow 1200mV 100C Model Fmax Summary
  7. Timing Closure Recommendations
  8. Slow 1200mV 100C Model Setup Summary
  9. Slow 1200mV 100C Model Hold Summary
 10. Slow 1200mV 100C Model Recovery Summary
 11. Slow 1200mV 100C Model Removal Summary
 12. Slow 1200mV 100C Model Minimum Pulse Width Summary
 13. Slow 1200mV 100C Model Metastability Summary
 14. Slow 1200mV -40C Model Fmax Summary
 15. Slow 1200mV -40C Model Setup Summary
 16. Slow 1200mV -40C Model Hold Summary
 17. Slow 1200mV -40C Model Recovery Summary
 18. Slow 1200mV -40C Model Removal Summary
 19. Slow 1200mV -40C Model Minimum Pulse Width Summary
 20. Slow 1200mV -40C Model Metastability Summary
 21. Fast 1200mV -40C Model Setup Summary
 22. Fast 1200mV -40C Model Hold Summary
 23. Fast 1200mV -40C Model Recovery Summary
 24. Fast 1200mV -40C Model Removal Summary
 25. Fast 1200mV -40C Model Minimum Pulse Width Summary
 26. Fast 1200mV -40C Model Metastability Summary
 27. Multicorner Timing Analysis Summary
 28. Board Trace Model Assignments
 29. Input Transition Times
 30. Signal Integrity Metrics (Slow 1200mv n40c Model)
 31. Signal Integrity Metrics (Slow 1200mv 100c Model)
 32. Signal Integrity Metrics (Fast 1200mv n40c Model)
 33. Clock Transfers
 34. Report TCCS
 35. Report RSKM
 36. Unconstrained Paths Summary
 37. Clock Status Summary
 38. Unconstrained Input Ports
 39. Unconstrained Output Ports
 40. Unconstrained Input Ports
 41. Unconstrained Output Ports
 42. TimeQuest Timing Analyzer Messages



----------------
; Legal Notice ;
----------------
Copyright (C) 2017  Intel Corporation. All rights reserved.
Your use of Intel Corporation's design tools, logic functions 
and other software and tools, and its AMPP partner logic 
functions, and any output files from any of the foregoing 
(including device programming or simulation files), and any 
associated documentation or information are expressly subject 
to the terms and conditions of the Intel Program License 
Subscription Agreement, the Intel Quartus Prime License Agreement,
the Intel FPGA IP License Agreement, or other applicable license
agreement, including, without limitation, that your use is for
the sole purpose of programming logic devices manufactured by
Intel and sold by Intel or its authorized distributors.  Please
refer to the applicable agreement for further details.



+-----------------------------------------------------------------------------+
; TimeQuest Timing Analyzer Summary                                           ;
+-----------------------+-----------------------------------------------------+
; Quartus Prime Version ; Version 17.1.0 Build 590 10/25/2017 SJ Lite Edition ;
; Timing Analyzer       ; TimeQuest                                           ;
; Revision Name         ; bunki_v2                                            ;
; Device Family         ; Cyclone IV E                                        ;
; Device Name           ; EP4CE30F23I7                                        ;
; Timing Models         ; Final                                               ;
; Delay Model           ; Combined                                            ;
; Rise/Fall Delays      ; Enabled                                             ;
+-----------------------+-----------------------------------------------------+


+------------------------------------------+
; Parallel Compilation                     ;
+----------------------------+-------------+
; Processors                 ; Number      ;
+----------------------------+-------------+
; Number detected on machine ; 12          ;
; Maximum allowed            ; 6           ;
;                            ;             ;
; Average used               ; 1.06        ;
; Maximum used               ; 6           ;
;                            ;             ;
; Usage by Processor         ; % Time Used ;
;     Processor 1            ; 100.0%      ;
;     Processors 2-6         ;   1.2%      ;
+----------------------------+-------------+


+---------------------------------------------------+
; SDC File List                                     ;
+---------------+--------+--------------------------+
; SDC File Path ; Status ; Read at                  ;
+---------------+--------+--------------------------+
; bunki_v2.sdc  ; OK     ; Sat May 22 12:43:30 2021 ;
+---------------+--------+--------------------------+


+----------------------------------------------------------------------------------------------------------------------------------------------------------------------------------+
; Clocks                                                                                                                                                                           ;
+------------+------+--------+-----------+-------+-------+------------+-----------+-------------+-------+--------+-----------+------------+----------+--------+--------+-----------+
; Clock Name ; Type ; Period ; Frequency ; Rise  ; Fall  ; Duty Cycle ; Divide by ; Multiply by ; Phase ; Offset ; Edge List ; Edge Shift ; Inverted ; Master ; Source ; Targets   ;
+------------+------+--------+-----------+-------+-------+------------+-----------+-------------+-------+--------+-----------+------------+----------+--------+--------+-----------+
; clock      ; Base ; 10.000 ; 100.0 MHz ; 0.000 ; 5.000 ;            ;           ;             ;       ;        ;           ;            ;          ;        ;        ; { clock } ;
+------------+------+--------+-----------+-------+-------+------------+-----------+-------------+-------+--------+-----------+------------+----------+--------+--------+-----------+


---------------------------------------
; Slow 1200mV 100C Model Fmax Summary ;
---------------------------------------
No paths to report.


----------------------------------
; Timing Closure Recommendations ;
----------------------------------
HTML report is unavailable in plain text report export.


----------------------------------------
; Slow 1200mV 100C Model Setup Summary ;
----------------------------------------
No paths to report.


---------------------------------------
; Slow 1200mV 100C Model Hold Summary ;
---------------------------------------
No paths to report.


-------------------------------------------
; Slow 1200mV 100C Model Recovery Summary ;
-------------------------------------------
No paths to report.


------------------------------------------
; Slow 1200mV 100C Model Removal Summary ;
------------------------------------------
No paths to report.


+----------------------------------------------------+
; Slow 1200mV 100C Model Minimum Pulse Width Summary ;
+-------+-------+------------------------------------+
; Clock ; Slack ; End Point TNS                      ;
+-------+-------+------------------------------------+
; clock ; 6.000 ; 0.000                              ;
+-------+-------+------------------------------------+


------------------------------------------------
; Slow 1200mV 100C Model Metastability Summary ;
------------------------------------------------
No synchronizer chains to report.


---------------------------------------
; Slow 1200mV -40C Model Fmax Summary ;
---------------------------------------
No paths to report.


----------------------------------------
; Slow 1200mV -40C Model Setup Summary ;
----------------------------------------
No paths to report.


---------------------------------------
; Slow 1200mV -40C Model Hold Summary ;
---------------------------------------
No paths to report.


-------------------------------------------
; Slow 1200mV -40C Model Recovery Summary ;
-------------------------------------------
No paths to report.


------------------------------------------
; Slow 1200mV -40C Model Removal Summary ;
------------------------------------------
No paths to report.


+----------------------------------------------------+
; Slow 1200mV -40C Model Minimum Pulse Width Summary ;
+-------+-------+------------------------------------+
; Clock ; Slack ; End Point TNS                      ;
+-------+-------+------------------------------------+
; clock ; 6.000 ; 0.000                              ;
+-------+-------+------------------------------------+


------------------------------------------------
; Slow 1200mV -40C Model Metastability Summary ;
------------------------------------------------
No synchronizer chains to report.


----------------------------------------
; Fast 1200mV -40C Model Setup Summary ;
----------------------------------------
No paths to report.


---------------------------------------
; Fast 1200mV -40C Model Hold Summary ;
---------------------------------------
No paths to report.


-------------------------------------------
; Fast 1200mV -40C Model Recovery Summary ;
-------------------------------------------
No paths to report.


------------------------------------------
; Fast 1200mV -40C Model Removal Summary ;
------------------------------------------
No paths to report.


+----------------------------------------------------+
; Fast 1200mV -40C Model Minimum Pulse Width Summary ;
+-------+-------+------------------------------------+
; Clock ; Slack ; End Point TNS                      ;
+-------+-------+------------------------------------+
; clock ; 6.000 ; 0.000                              ;
+-------+-------+------------------------------------+


------------------------------------------------
; Fast 1200mV -40C Model Metastability Summary ;
------------------------------------------------
No synchronizer chains to report.


+----------------------------------------------------------------------------+
; Multicorner Timing Analysis Summary                                        ;
+------------------+-------+------+----------+---------+---------------------+
; Clock            ; Setup ; Hold ; Recovery ; Removal ; Minimum Pulse Width ;
+------------------+-------+------+----------+---------+---------------------+
; Worst-case Slack ; N/A   ; N/A  ; N/A      ; N/A     ; 6.000               ;
;  clock           ; N/A   ; N/A  ; N/A      ; N/A     ; 6.000               ;
; Design-wide TNS  ; 0.0   ; 0.0  ; 0.0      ; 0.0     ; 0.0                 ;
;  clock           ; N/A   ; N/A  ; N/A      ; N/A     ; 0.000               ;
+------------------+-------+------+----------+---------+---------------------+


+------------------------------------------------------------------------------------------------------------------------------------------------------------------------------------------------------------------------------------------------------------------------------------------------------------------------------------------------------------------------------------------------------------------+
; Board Trace Model Assignments                                                                                                                                                                                                                                                                                                                                                                                    ;
+---------------+--------------+-------------------+-------------------------+-------------------------+---------------+---------------------+----------------+------------------+--------+------------------+------------------------+------------------------+--------------+---------------+-----------------+-------+---------------------+--------------------+---------------+-----------------+-------------+
; Pin           ; I/O Standard ; Near Tline Length ; Near Tline L per Length ; Near Tline C per Length ; Near Series R ; Near Differential R ; Near Pull-up R ; Near Pull-down R ; Near C ; Far Tline Length ; Far Tline L per Length ; Far Tline C per Length ; Far Series R ; Far Pull-up R ; Far Pull-down R ; Far C ; Termination Voltage ; Far Differential R ; EBD File Name ; EBD Signal Name ; EBD Far-end ;
+---------------+--------------+-------------------+-------------------------+-------------------------+---------------+---------------------+----------------+------------------+--------+------------------+------------------------+------------------------+--------------+---------------+-----------------+-------+---------------------+--------------------+---------------+-----------------+-------------+
; resultpc[0]   ; 2.5 V        ; 0 in              ; 0 H/in                  ; 0 F/in                  ; short         ; -                   ; open           ; open             ; open   ; 0 in             ; 0 H/in                 ; 0 F/in                 ; short        ; open          ; open            ; open  ; 0 V                 ; -                  ; n/a           ; n/a             ; n/a         ;
; resultpc[1]   ; 2.5 V        ; 0 in              ; 0 H/in                  ; 0 F/in                  ; short         ; -                   ; open           ; open             ; open   ; 0 in             ; 0 H/in                 ; 0 F/in                 ; short        ; open          ; open            ; open  ; 0 V                 ; -                  ; n/a           ; n/a             ; n/a         ;
; resultpc[2]   ; 2.5 V        ; 0 in              ; 0 H/in                  ; 0 F/in                  ; short         ; -                   ; open           ; open             ; open   ; 0 in             ; 0 H/in                 ; 0 F/in                 ; short        ; open          ; open            ; open  ; 0 V                 ; -                  ; n/a           ; n/a             ; n/a         ;
; resultpc[3]   ; 2.5 V        ; 0 in              ; 0 H/in                  ; 0 F/in                  ; short         ; -                   ; open           ; open             ; open   ; 0 in             ; 0 H/in                 ; 0 F/in                 ; short        ; open          ; open            ; open  ; 0 V                 ; -                  ; n/a           ; n/a             ; n/a         ;
; resultpc[4]   ; 2.5 V        ; 0 in              ; 0 H/in                  ; 0 F/in                  ; short         ; -                   ; open           ; open             ; open   ; 0 in             ; 0 H/in                 ; 0 F/in                 ; short        ; open          ; open            ; open  ; 0 V                 ; -                  ; n/a           ; n/a             ; n/a         ;
; resultpc[5]   ; 2.5 V        ; 0 in              ; 0 H/in                  ; 0 F/in                  ; short         ; -                   ; open           ; open             ; open   ; 0 in             ; 0 H/in                 ; 0 F/in                 ; short        ; open          ; open            ; open  ; 0 V                 ; -                  ; n/a           ; n/a             ; n/a         ;
; resultpc[6]   ; 2.5 V        ; 0 in              ; 0 H/in                  ; 0 F/in                  ; short         ; -                   ; open           ; open             ; open   ; 0 in             ; 0 H/in                 ; 0 F/in                 ; short        ; open          ; open            ; open  ; 0 V                 ; -                  ; n/a           ; n/a             ; n/a         ;
; resultpc[7]   ; 2.5 V        ; 0 in              ; 0 H/in                  ; 0 F/in                  ; short         ; -                   ; open           ; open             ; open   ; 0 in             ; 0 H/in                 ; 0 F/in                 ; short        ; open          ; open            ; open  ; 0 V                 ; -                  ; n/a           ; n/a             ; n/a         ;
; resultpc[8]   ; 2.5 V        ; 0 in              ; 0 H/in                  ; 0 F/in                  ; short         ; -                   ; open           ; open             ; open   ; 0 in             ; 0 H/in                 ; 0 F/in                 ; short        ; open          ; open            ; open  ; 0 V                 ; -                  ; n/a           ; n/a             ; n/a         ;
; resultpc[9]   ; 2.5 V        ; 0 in              ; 0 H/in                  ; 0 F/in                  ; short         ; -                   ; open           ; open             ; open   ; 0 in             ; 0 H/in                 ; 0 F/in                 ; short        ; open          ; open            ; open  ; 0 V                 ; -                  ; n/a           ; n/a             ; n/a         ;
; resultpc[10]  ; 2.5 V        ; 0 in              ; 0 H/in                  ; 0 F/in                  ; short         ; -                   ; open           ; open             ; open   ; 0 in             ; 0 H/in                 ; 0 F/in                 ; short        ; open          ; open            ; open  ; 0 V                 ; -                  ; n/a           ; n/a             ; n/a         ;
; resultpc[11]  ; 2.5 V        ; 0 in              ; 0 H/in                  ; 0 F/in                  ; short         ; -                   ; open           ; open             ; open   ; 0 in             ; 0 H/in                 ; 0 F/in                 ; short        ; open          ; open            ; open  ; 0 V                 ; -                  ; n/a           ; n/a             ; n/a         ;
; flash[0]      ; 2.5 V        ; 0 in              ; 0 H/in                  ; 0 F/in                  ; short         ; -                   ; open           ; open             ; open   ; 0 in             ; 0 H/in                 ; 0 F/in                 ; short        ; open          ; open            ; open  ; 0 V                 ; -                  ; n/a           ; n/a             ; n/a         ;
; flash[1]      ; 2.5 V        ; 0 in              ; 0 H/in                  ; 0 F/in                  ; short         ; -                   ; open           ; open             ; open   ; 0 in             ; 0 H/in                 ; 0 F/in                 ; short        ; open          ; open            ; open  ; 0 V                 ; -                  ; n/a           ; n/a             ; n/a         ;
; debugflash[0] ; 2.5 V        ; 0 in              ; 0 H/in                  ; 0 F/in                  ; short         ; -                   ; open           ; open             ; open   ; 0 in             ; 0 H/in                 ; 0 F/in                 ; short        ; open          ; open            ; open  ; 0 V                 ; -                  ; n/a           ; n/a             ; n/a         ;
; debugflash[1] ; 2.5 V        ; 0 in              ; 0 H/in                  ; 0 F/in                  ; short         ; -                   ; open           ; open             ; open   ; 0 in             ; 0 H/in                 ; 0 F/in                 ; short        ; open          ; open            ; open  ; 0 V                 ; -                  ; n/a           ; n/a             ; n/a         ;
; ~ALTERA_DCLK~ ; 2.5 V        ; 0 in              ; 0 H/in                  ; 0 F/in                  ; short         ; -                   ; open           ; open             ; open   ; 0 in             ; 0 H/in                 ; 0 F/in                 ; short        ; open          ; open            ; open  ; 0 V                 ; -                  ; n/a           ; n/a             ; n/a         ;
; ~ALTERA_nCEO~ ; 2.5 V        ; 0 in              ; 0 H/in                  ; 0 F/in                  ; short         ; -                   ; open           ; open             ; open   ; 0 in             ; 0 H/in                 ; 0 F/in                 ; short        ; open          ; open            ; open  ; 0 V                 ; -                  ; n/a           ; n/a             ; n/a         ;
+---------------+--------------+-------------------+-------------------------+-------------------------+---------------+---------------------+----------------+------------------+--------+------------------+------------------------+------------------------+--------------+---------------+-----------------+-------+---------------------+--------------------+---------------+-----------------+-------------+


+----------------------------------------------------------------------------+
; Input Transition Times                                                     ;
+-------------------------+--------------+-----------------+-----------------+
; Pin                     ; I/O Standard ; 10-90 Rise Time ; 90-10 Fall Time ;
+-------------------------+--------------+-----------------+-----------------+
; clock                   ; 2.5 V        ; 2000 ps         ; 2000 ps         ;
; inst[0]                 ; 2.5 V        ; 2000 ps         ; 2000 ps         ;
; inst[1]                 ; 2.5 V        ; 2000 ps         ; 2000 ps         ;
; inst[2]                 ; 2.5 V        ; 2000 ps         ; 2000 ps         ;
; inst[3]                 ; 2.5 V        ; 2000 ps         ; 2000 ps         ;
; inst[4]                 ; 2.5 V        ; 2000 ps         ; 2000 ps         ;
; inst[5]                 ; 2.5 V        ; 2000 ps         ; 2000 ps         ;
; inst[6]                 ; 2.5 V        ; 2000 ps         ; 2000 ps         ;
; inst[7]                 ; 2.5 V        ; 2000 ps         ; 2000 ps         ;
; inst[15]                ; 2.5 V        ; 2000 ps         ; 2000 ps         ;
; inst[14]                ; 2.5 V        ; 2000 ps         ; 2000 ps         ;
; inst[12]                ; 2.5 V        ; 2000 ps         ; 2000 ps         ;
; inst[11]                ; 2.5 V        ; 2000 ps         ; 2000 ps         ;
; inst[13]                ; 2.5 V        ; 2000 ps         ; 2000 ps         ;
; enable                  ; 2.5 V        ; 2000 ps         ; 2000 ps         ;
; reset                   ; 2.5 V        ; 2000 ps         ; 2000 ps         ;
; inoverflow              ; 2.5 V        ; 2000 ps         ; 2000 ps         ;
; inminusflag             ; 2.5 V        ; 2000 ps         ; 2000 ps         ;
; inzeroflag              ; 2.5 V        ; 2000 ps         ; 2000 ps         ;
; inpc[1]                 ; 2.5 V        ; 2000 ps         ; 2000 ps         ;
; inpc[0]                 ; 2.5 V        ; 2000 ps         ; 2000 ps         ;
; inpc[3]                 ; 2.5 V        ; 2000 ps         ; 2000 ps         ;
; inpc[2]                 ; 2.5 V        ; 2000 ps         ; 2000 ps         ;
; inpc[4]                 ; 2.5 V        ; 2000 ps         ; 2000 ps         ;
; inpc[5]                 ; 2.5 V        ; 2000 ps         ; 2000 ps         ;
; inpc[6]                 ; 2.5 V        ; 2000 ps         ; 2000 ps         ;
; inpc[7]                 ; 2.5 V        ; 2000 ps         ; 2000 ps         ;
; inpc[8]                 ; 2.5 V        ; 2000 ps         ; 2000 ps         ;
; inpc[9]                 ; 2.5 V        ; 2000 ps         ; 2000 ps         ;
; inpc[10]                ; 2.5 V        ; 2000 ps         ; 2000 ps         ;
; inpc[11]                ; 2.5 V        ; 2000 ps         ; 2000 ps         ;
; inst[9]                 ; 2.5 V        ; 2000 ps         ; 2000 ps         ;
; inst[8]                 ; 2.5 V        ; 2000 ps         ; 2000 ps         ;
; inst[10]                ; 2.5 V        ; 2000 ps         ; 2000 ps         ;
; ~ALTERA_ASDO_DATA1~     ; 2.5 V        ; 2000 ps         ; 2000 ps         ;
; ~ALTERA_FLASH_nCE_nCSO~ ; 2.5 V        ; 2000 ps         ; 2000 ps         ;
; ~ALTERA_DATA0~          ; 2.5 V        ; 2000 ps         ; 2000 ps         ;
+-------------------------+--------------+-----------------+-----------------+


+--------------------------------------------------------------------------------------------------------------------------------------------------------------------------------------------------------------------------------------------------------------------------------------------------------------------------------------------------------------------------------------------------------------------------------------------------------------------------------------------------------------------------------------------------------------------------------------------------------------------------------------------------------------------------------------------+
; Signal Integrity Metrics (Slow 1200mv n40c Model)                                                                                                                                                                                                                                                                                                                                                                                                                                                                                                                                                                                                                                          ;
+---------------+--------------+---------------------+---------------------+------------------------------+------------------------------+---------------------+---------------------+--------------------------------------+--------------------------------------+-----------------------------+-----------------------------+----------------------------+----------------------------+-----------------------------+-----------------------------+--------------------+--------------------+-------------------------------------+-------------------------------------+----------------------------+----------------------------+---------------------------+---------------------------+
; Pin           ; I/O Standard ; Board Delay on Rise ; Board Delay on Fall ; Steady State Voh at FPGA Pin ; Steady State Vol at FPGA Pin ; Voh Max at FPGA Pin ; Vol Min at FPGA Pin ; Ringback Voltage on Rise at FPGA Pin ; Ringback Voltage on Fall at FPGA Pin ; 10-90 Rise Time at FPGA Pin ; 90-10 Fall Time at FPGA Pin ; Monotonic Rise at FPGA Pin ; Monotonic Fall at FPGA Pin ; Steady State Voh at Far-end ; Steady State Vol at Far-end ; Voh Max at Far-end ; Vol Min at Far-end ; Ringback Voltage on Rise at Far-end ; Ringback Voltage on Fall at Far-end ; 10-90 Rise Time at Far-end ; 90-10 Fall Time at Far-end ; Monotonic Rise at Far-end ; Monotonic Fall at Far-end ;
+---------------+--------------+---------------------+---------------------+------------------------------+------------------------------+---------------------+---------------------+--------------------------------------+--------------------------------------+-----------------------------+-----------------------------+----------------------------+----------------------------+-----------------------------+-----------------------------+--------------------+--------------------+-------------------------------------+-------------------------------------+----------------------------+----------------------------+---------------------------+---------------------------+
; resultpc[0]   ; 2.5 V        ; 0 s                 ; 0 s                 ; 2.32 V                       ; 1.87e-09 V                   ; 2.41 V              ; -0.0441 V           ; 0.217 V                              ; 0.126 V                              ; 2.86e-10 s                  ; 3.07e-10 s                  ; Yes                        ; Yes                        ; 2.32 V                      ; 1.87e-09 V                  ; 2.41 V             ; -0.0441 V          ; 0.217 V                             ; 0.126 V                             ; 2.86e-10 s                 ; 3.07e-10 s                 ; Yes                       ; Yes                       ;
; resultpc[1]   ; 2.5 V        ; 0 s                 ; 0 s                 ; 2.32 V                       ; 1.87e-09 V                   ; 2.41 V              ; -0.0441 V           ; 0.217 V                              ; 0.126 V                              ; 2.86e-10 s                  ; 3.07e-10 s                  ; Yes                        ; Yes                        ; 2.32 V                      ; 1.87e-09 V                  ; 2.41 V             ; -0.0441 V          ; 0.217 V                             ; 0.126 V                             ; 2.86e-10 s                 ; 3.07e-10 s                 ; Yes                       ; Yes                       ;
; resultpc[2]   ; 2.5 V        ; 0 s                 ; 0 s                 ; 2.32 V                       ; 1.87e-09 V                   ; 2.41 V              ; -0.0441 V           ; 0.217 V                              ; 0.126 V                              ; 2.86e-10 s                  ; 3.07e-10 s                  ; Yes                        ; Yes                        ; 2.32 V                      ; 1.87e-09 V                  ; 2.41 V             ; -0.0441 V          ; 0.217 V                             ; 0.126 V                             ; 2.86e-10 s                 ; 3.07e-10 s                 ; Yes                       ; Yes                       ;
; resultpc[3]   ; 2.5 V        ; 0 s                 ; 0 s                 ; 2.32 V                       ; 1.87e-09 V                   ; 2.41 V              ; -0.0441 V           ; 0.217 V                              ; 0.126 V                              ; 2.86e-10 s                  ; 3.07e-10 s                  ; Yes                        ; Yes                        ; 2.32 V                      ; 1.87e-09 V                  ; 2.41 V             ; -0.0441 V          ; 0.217 V                             ; 0.126 V                             ; 2.86e-10 s                 ; 3.07e-10 s                 ; Yes                       ; Yes                       ;
; resultpc[4]   ; 2.5 V        ; 0 s                 ; 0 s                 ; 2.32 V                       ; 1.46e-09 V                   ; 2.37 V              ; -0.0241 V           ; 0.127 V                              ; 0.073 V                              ; 6.7e-10 s                   ; 6.3e-10 s                   ; No                         ; Yes                        ; 2.32 V                      ; 1.46e-09 V                  ; 2.37 V             ; -0.0241 V          ; 0.127 V                             ; 0.073 V                             ; 6.7e-10 s                  ; 6.3e-10 s                  ; No                        ; Yes                       ;
; resultpc[5]   ; 2.5 V        ; 0 s                 ; 0 s                 ; 2.32 V                       ; 1.46e-09 V                   ; 2.37 V              ; -0.0241 V           ; 0.127 V                              ; 0.073 V                              ; 6.7e-10 s                   ; 6.3e-10 s                   ; No                         ; Yes                        ; 2.32 V                      ; 1.46e-09 V                  ; 2.37 V             ; -0.0241 V          ; 0.127 V                             ; 0.073 V                             ; 6.7e-10 s                  ; 6.3e-10 s                  ; No                        ; Yes                       ;
; resultpc[6]   ; 2.5 V        ; 0 s                 ; 0 s                 ; 2.32 V                       ; 1.87e-09 V                   ; 2.41 V              ; -0.0441 V           ; 0.217 V                              ; 0.126 V                              ; 2.86e-10 s                  ; 3.07e-10 s                  ; Yes                        ; Yes                        ; 2.32 V                      ; 1.87e-09 V                  ; 2.41 V             ; -0.0441 V          ; 0.217 V                             ; 0.126 V                             ; 2.86e-10 s                 ; 3.07e-10 s                 ; Yes                       ; Yes                       ;
; resultpc[7]   ; 2.5 V        ; 0 s                 ; 0 s                 ; 2.32 V                       ; 1.87e-09 V                   ; 2.41 V              ; -0.0441 V           ; 0.217 V                              ; 0.126 V                              ; 2.86e-10 s                  ; 3.07e-10 s                  ; Yes                        ; Yes                        ; 2.32 V                      ; 1.87e-09 V                  ; 2.41 V             ; -0.0441 V          ; 0.217 V                             ; 0.126 V                             ; 2.86e-10 s                 ; 3.07e-10 s                 ; Yes                       ; Yes                       ;
; resultpc[8]   ; 2.5 V        ; 0 s                 ; 0 s                 ; 2.32 V                       ; 1.87e-09 V                   ; 2.41 V              ; -0.0441 V           ; 0.217 V                              ; 0.126 V                              ; 2.86e-10 s                  ; 3.07e-10 s                  ; Yes                        ; Yes                        ; 2.32 V                      ; 1.87e-09 V                  ; 2.41 V             ; -0.0441 V          ; 0.217 V                             ; 0.126 V                             ; 2.86e-10 s                 ; 3.07e-10 s                 ; Yes                       ; Yes                       ;
; resultpc[9]   ; 2.5 V        ; 0 s                 ; 0 s                 ; 2.32 V                       ; 1.87e-09 V                   ; 2.41 V              ; -0.0441 V           ; 0.217 V                              ; 0.126 V                              ; 2.86e-10 s                  ; 3.07e-10 s                  ; Yes                        ; Yes                        ; 2.32 V                      ; 1.87e-09 V                  ; 2.41 V             ; -0.0441 V          ; 0.217 V                             ; 0.126 V                             ; 2.86e-10 s                 ; 3.07e-10 s                 ; Yes                       ; Yes                       ;
; resultpc[10]  ; 2.5 V        ; 0 s                 ; 0 s                 ; 2.32 V                       ; 1.87e-09 V                   ; 2.34 V              ; -0.00659 V          ; 0.213 V                              ; 0.083 V                              ; 2.63e-09 s                  ; 2.52e-09 s                  ; No                         ; Yes                        ; 2.32 V                      ; 1.87e-09 V                  ; 2.34 V             ; -0.00659 V         ; 0.213 V                             ; 0.083 V                             ; 2.63e-09 s                 ; 2.52e-09 s                 ; No                        ; Yes                       ;
; resultpc[11]  ; 2.5 V        ; 0 s                 ; 0 s                 ; 2.32 V                       ; 1.87e-09 V                   ; 2.41 V              ; -0.0441 V           ; 0.217 V                              ; 0.126 V                              ; 2.86e-10 s                  ; 3.07e-10 s                  ; Yes                        ; Yes                        ; 2.32 V                      ; 1.87e-09 V                  ; 2.41 V             ; -0.0441 V          ; 0.217 V                             ; 0.126 V                             ; 2.86e-10 s                 ; 3.07e-10 s                 ; Yes                       ; Yes                       ;
; flash[0]      ; 2.5 V        ; 0 s                 ; 0 s                 ; 2.32 V                       ; 1.87e-09 V                   ; 2.41 V              ; -0.0441 V           ; 0.217 V                              ; 0.126 V                              ; 2.86e-10 s                  ; 3.07e-10 s                  ; Yes                        ; Yes                        ; 2.32 V                      ; 1.87e-09 V                  ; 2.41 V             ; -0.0441 V          ; 0.217 V                             ; 0.126 V                             ; 2.86e-10 s                 ; 3.07e-10 s                 ; Yes                       ; Yes                       ;
; flash[1]      ; 2.5 V        ; 0 s                 ; 0 s                 ; 2.32 V                       ; 1.46e-09 V                   ; 2.37 V              ; -0.0241 V           ; 0.127 V                              ; 0.073 V                              ; 6.7e-10 s                   ; 6.3e-10 s                   ; No                         ; Yes                        ; 2.32 V                      ; 1.46e-09 V                  ; 2.37 V             ; -0.0241 V          ; 0.127 V                             ; 0.073 V                             ; 6.7e-10 s                  ; 6.3e-10 s                  ; No                        ; Yes                       ;
; debugflash[0] ; 2.5 V        ; 0 s                 ; 0 s                 ; 2.32 V                       ; 1.87e-09 V                   ; 2.41 V              ; -0.0441 V           ; 0.217 V                              ; 0.126 V                              ; 2.86e-10 s                  ; 3.07e-10 s                  ; Yes                        ; Yes                        ; 2.32 V                      ; 1.87e-09 V                  ; 2.41 V             ; -0.0441 V          ; 0.217 V                             ; 0.126 V                             ; 2.86e-10 s                 ; 3.07e-10 s                 ; Yes                       ; Yes                       ;
; debugflash[1] ; 2.5 V        ; 0 s                 ; 0 s                 ; 2.32 V                       ; 1.46e-09 V                   ; 2.37 V              ; -0.0241 V           ; 0.127 V                              ; 0.073 V                              ; 6.7e-10 s                   ; 6.3e-10 s                   ; No                         ; Yes                        ; 2.32 V                      ; 1.46e-09 V                  ; 2.37 V             ; -0.0241 V          ; 0.127 V                             ; 0.073 V                             ; 6.7e-10 s                  ; 6.3e-10 s                  ; No                        ; Yes                       ;
; ~ALTERA_DCLK~ ; 2.5 V        ; 0 s                 ; 0 s                 ; 2.32 V                       ; 1.16e-09 V                   ; 2.39 V              ; -0.0374 V           ; 0.127 V                              ; 0.051 V                              ; 4.57e-10 s                  ; 3.66e-10 s                  ; No                         ; Yes                        ; 2.32 V                      ; 1.16e-09 V                  ; 2.39 V             ; -0.0374 V          ; 0.127 V                             ; 0.051 V                             ; 4.57e-10 s                 ; 3.66e-10 s                 ; No                        ; Yes                       ;
; ~ALTERA_nCEO~ ; 2.5 V        ; 0 s                 ; 0 s                 ; 2.32 V                       ; 1.76e-09 V                   ; 2.38 V              ; -0.00636 V          ; 0.233 V                              ; 0.017 V                              ; 5.26e-10 s                  ; 7.33e-10 s                  ; No                         ; Yes                        ; 2.32 V                      ; 1.76e-09 V                  ; 2.38 V             ; -0.00636 V         ; 0.233 V                             ; 0.017 V                             ; 5.26e-10 s                 ; 7.33e-10 s                 ; No                        ; Yes                       ;
+---------------+--------------+---------------------+---------------------+------------------------------+------------------------------+---------------------+---------------------+--------------------------------------+--------------------------------------+-----------------------------+-----------------------------+----------------------------+----------------------------+-----------------------------+-----------------------------+--------------------+--------------------+-------------------------------------+-------------------------------------+----------------------------+----------------------------+---------------------------+---------------------------+


+--------------------------------------------------------------------------------------------------------------------------------------------------------------------------------------------------------------------------------------------------------------------------------------------------------------------------------------------------------------------------------------------------------------------------------------------------------------------------------------------------------------------------------------------------------------------------------------------------------------------------------------------------------------------------------------------+
; Signal Integrity Metrics (Slow 1200mv 100c Model)                                                                                                                                                                                                                                                                                                                                                                                                                                                                                                                                                                                                                                          ;
+---------------+--------------+---------------------+---------------------+------------------------------+------------------------------+---------------------+---------------------+--------------------------------------+--------------------------------------+-----------------------------+-----------------------------+----------------------------+----------------------------+-----------------------------+-----------------------------+--------------------+--------------------+-------------------------------------+-------------------------------------+----------------------------+----------------------------+---------------------------+---------------------------+
; Pin           ; I/O Standard ; Board Delay on Rise ; Board Delay on Fall ; Steady State Voh at FPGA Pin ; Steady State Vol at FPGA Pin ; Voh Max at FPGA Pin ; Vol Min at FPGA Pin ; Ringback Voltage on Rise at FPGA Pin ; Ringback Voltage on Fall at FPGA Pin ; 10-90 Rise Time at FPGA Pin ; 90-10 Fall Time at FPGA Pin ; Monotonic Rise at FPGA Pin ; Monotonic Fall at FPGA Pin ; Steady State Voh at Far-end ; Steady State Vol at Far-end ; Voh Max at Far-end ; Vol Min at Far-end ; Ringback Voltage on Rise at Far-end ; Ringback Voltage on Fall at Far-end ; 10-90 Rise Time at Far-end ; 90-10 Fall Time at Far-end ; Monotonic Rise at Far-end ; Monotonic Fall at Far-end ;
+---------------+--------------+---------------------+---------------------+------------------------------+------------------------------+---------------------+---------------------+--------------------------------------+--------------------------------------+-----------------------------+-----------------------------+----------------------------+----------------------------+-----------------------------+-----------------------------+--------------------+--------------------+-------------------------------------+-------------------------------------+----------------------------+----------------------------+---------------------------+---------------------------+
; resultpc[0]   ; 2.5 V        ; 0 s                 ; 0 s                 ; 2.32 V                       ; 1.46e-06 V                   ; 2.35 V              ; -0.00264 V          ; 0.14 V                               ; 0.006 V                              ; 4.74e-10 s                  ; 4.84e-10 s                  ; Yes                        ; Yes                        ; 2.32 V                      ; 1.46e-06 V                  ; 2.35 V             ; -0.00264 V         ; 0.14 V                              ; 0.006 V                             ; 4.74e-10 s                 ; 4.84e-10 s                 ; Yes                       ; Yes                       ;
; resultpc[1]   ; 2.5 V        ; 0 s                 ; 0 s                 ; 2.32 V                       ; 1.46e-06 V                   ; 2.35 V              ; -0.00264 V          ; 0.14 V                               ; 0.006 V                              ; 4.74e-10 s                  ; 4.84e-10 s                  ; Yes                        ; Yes                        ; 2.32 V                      ; 1.46e-06 V                  ; 2.35 V             ; -0.00264 V         ; 0.14 V                              ; 0.006 V                             ; 4.74e-10 s                 ; 4.84e-10 s                 ; Yes                       ; Yes                       ;
; resultpc[2]   ; 2.5 V        ; 0 s                 ; 0 s                 ; 2.32 V                       ; 1.46e-06 V                   ; 2.35 V              ; -0.00264 V          ; 0.14 V                               ; 0.006 V                              ; 4.74e-10 s                  ; 4.84e-10 s                  ; Yes                        ; Yes                        ; 2.32 V                      ; 1.46e-06 V                  ; 2.35 V             ; -0.00264 V         ; 0.14 V                              ; 0.006 V                             ; 4.74e-10 s                 ; 4.84e-10 s                 ; Yes                       ; Yes                       ;
; resultpc[3]   ; 2.5 V        ; 0 s                 ; 0 s                 ; 2.32 V                       ; 1.46e-06 V                   ; 2.35 V              ; -0.00264 V          ; 0.14 V                               ; 0.006 V                              ; 4.74e-10 s                  ; 4.84e-10 s                  ; Yes                        ; Yes                        ; 2.32 V                      ; 1.46e-06 V                  ; 2.35 V             ; -0.00264 V         ; 0.14 V                              ; 0.006 V                             ; 4.74e-10 s                 ; 4.84e-10 s                 ; Yes                       ; Yes                       ;
; resultpc[4]   ; 2.5 V        ; 0 s                 ; 0 s                 ; 2.32 V                       ; 9.79e-07 V                   ; 2.34 V              ; -0.00706 V          ; 0.07 V                               ; 0.022 V                              ; 8.91e-10 s                  ; 8.65e-10 s                  ; Yes                        ; Yes                        ; 2.32 V                      ; 9.79e-07 V                  ; 2.34 V             ; -0.00706 V         ; 0.07 V                              ; 0.022 V                             ; 8.91e-10 s                 ; 8.65e-10 s                 ; Yes                       ; Yes                       ;
; resultpc[5]   ; 2.5 V        ; 0 s                 ; 0 s                 ; 2.32 V                       ; 9.79e-07 V                   ; 2.34 V              ; -0.00706 V          ; 0.07 V                               ; 0.022 V                              ; 8.91e-10 s                  ; 8.65e-10 s                  ; Yes                        ; Yes                        ; 2.32 V                      ; 9.79e-07 V                  ; 2.34 V             ; -0.00706 V         ; 0.07 V                              ; 0.022 V                             ; 8.91e-10 s                 ; 8.65e-10 s                 ; Yes                       ; Yes                       ;
; resultpc[6]   ; 2.5 V        ; 0 s                 ; 0 s                 ; 2.32 V                       ; 1.46e-06 V                   ; 2.35 V              ; -0.00264 V          ; 0.14 V                               ; 0.006 V                              ; 4.74e-10 s                  ; 4.84e-10 s                  ; Yes                        ; Yes                        ; 2.32 V                      ; 1.46e-06 V                  ; 2.35 V             ; -0.00264 V         ; 0.14 V                              ; 0.006 V                             ; 4.74e-10 s                 ; 4.84e-10 s                 ; Yes                       ; Yes                       ;
; resultpc[7]   ; 2.5 V        ; 0 s                 ; 0 s                 ; 2.32 V                       ; 1.46e-06 V                   ; 2.35 V              ; -0.00264 V          ; 0.14 V                               ; 0.006 V                              ; 4.74e-10 s                  ; 4.84e-10 s                  ; Yes                        ; Yes                        ; 2.32 V                      ; 1.46e-06 V                  ; 2.35 V             ; -0.00264 V         ; 0.14 V                              ; 0.006 V                             ; 4.74e-10 s                 ; 4.84e-10 s                 ; Yes                       ; Yes                       ;
; resultpc[8]   ; 2.5 V        ; 0 s                 ; 0 s                 ; 2.32 V                       ; 1.46e-06 V                   ; 2.35 V              ; -0.00264 V          ; 0.14 V                               ; 0.006 V                              ; 4.74e-10 s                  ; 4.84e-10 s                  ; Yes                        ; Yes                        ; 2.32 V                      ; 1.46e-06 V                  ; 2.35 V             ; -0.00264 V         ; 0.14 V                              ; 0.006 V                             ; 4.74e-10 s                 ; 4.84e-10 s                 ; Yes                       ; Yes                       ;
; resultpc[9]   ; 2.5 V        ; 0 s                 ; 0 s                 ; 2.32 V                       ; 1.46e-06 V                   ; 2.35 V              ; -0.00264 V          ; 0.14 V                               ; 0.006 V                              ; 4.74e-10 s                  ; 4.84e-10 s                  ; Yes                        ; Yes                        ; 2.32 V                      ; 1.46e-06 V                  ; 2.35 V             ; -0.00264 V         ; 0.14 V                              ; 0.006 V                             ; 4.74e-10 s                 ; 4.84e-10 s                 ; Yes                       ; Yes                       ;
; resultpc[10]  ; 2.5 V        ; 0 s                 ; 0 s                 ; 2.32 V                       ; 1.46e-06 V                   ; 2.33 V              ; -0.00235 V          ; 0.099 V                              ; 0.059 V                              ; 3.61e-09 s                  ; 3.5e-09 s                   ; Yes                        ; Yes                        ; 2.32 V                      ; 1.46e-06 V                  ; 2.33 V             ; -0.00235 V         ; 0.099 V                             ; 0.059 V                             ; 3.61e-09 s                 ; 3.5e-09 s                  ; Yes                       ; Yes                       ;
; resultpc[11]  ; 2.5 V        ; 0 s                 ; 0 s                 ; 2.32 V                       ; 1.46e-06 V                   ; 2.35 V              ; -0.00264 V          ; 0.14 V                               ; 0.006 V                              ; 4.74e-10 s                  ; 4.84e-10 s                  ; Yes                        ; Yes                        ; 2.32 V                      ; 1.46e-06 V                  ; 2.35 V             ; -0.00264 V         ; 0.14 V                              ; 0.006 V                             ; 4.74e-10 s                 ; 4.84e-10 s                 ; Yes                       ; Yes                       ;
; flash[0]      ; 2.5 V        ; 0 s                 ; 0 s                 ; 2.32 V                       ; 1.46e-06 V                   ; 2.35 V              ; -0.00264 V          ; 0.14 V                               ; 0.006 V                              ; 4.74e-10 s                  ; 4.84e-10 s                  ; Yes                        ; Yes                        ; 2.32 V                      ; 1.46e-06 V                  ; 2.35 V             ; -0.00264 V         ; 0.14 V                              ; 0.006 V                             ; 4.74e-10 s                 ; 4.84e-10 s                 ; Yes                       ; Yes                       ;
; flash[1]      ; 2.5 V        ; 0 s                 ; 0 s                 ; 2.32 V                       ; 9.79e-07 V                   ; 2.34 V              ; -0.00706 V          ; 0.07 V                               ; 0.022 V                              ; 8.91e-10 s                  ; 8.65e-10 s                  ; Yes                        ; Yes                        ; 2.32 V                      ; 9.79e-07 V                  ; 2.34 V             ; -0.00706 V         ; 0.07 V                              ; 0.022 V                             ; 8.91e-10 s                 ; 8.65e-10 s                 ; Yes                       ; Yes                       ;
; debugflash[0] ; 2.5 V        ; 0 s                 ; 0 s                 ; 2.32 V                       ; 1.46e-06 V                   ; 2.35 V              ; -0.00264 V          ; 0.14 V                               ; 0.006 V                              ; 4.74e-10 s                  ; 4.84e-10 s                  ; Yes                        ; Yes                        ; 2.32 V                      ; 1.46e-06 V                  ; 2.35 V             ; -0.00264 V         ; 0.14 V                              ; 0.006 V                             ; 4.74e-10 s                 ; 4.84e-10 s                 ; Yes                       ; Yes                       ;
; debugflash[1] ; 2.5 V        ; 0 s                 ; 0 s                 ; 2.32 V                       ; 9.79e-07 V                   ; 2.34 V              ; -0.00706 V          ; 0.07 V                               ; 0.022 V                              ; 8.91e-10 s                  ; 8.65e-10 s                  ; Yes                        ; Yes                        ; 2.32 V                      ; 9.79e-07 V                  ; 2.34 V             ; -0.00706 V         ; 0.07 V                              ; 0.022 V                             ; 8.91e-10 s                 ; 8.65e-10 s                 ; Yes                       ; Yes                       ;
; ~ALTERA_DCLK~ ; 2.5 V        ; 0 s                 ; 0 s                 ; 2.32 V                       ; 7.67e-07 V                   ; 2.34 V              ; -0.00744 V          ; 0.095 V                              ; 0.013 V                              ; 6.35e-10 s                  ; 5.33e-10 s                  ; Yes                        ; Yes                        ; 2.32 V                      ; 7.67e-07 V                  ; 2.34 V             ; -0.00744 V         ; 0.095 V                             ; 0.013 V                             ; 6.35e-10 s                 ; 5.33e-10 s                 ; Yes                       ; Yes                       ;
; ~ALTERA_nCEO~ ; 2.5 V        ; 0 s                 ; 0 s                 ; 2.32 V                       ; 1.27e-06 V                   ; 2.34 V              ; -0.00327 V          ; 0.11 V                               ; 0.03 V                               ; 8.38e-10 s                  ; 1.07e-09 s                  ; Yes                        ; Yes                        ; 2.32 V                      ; 1.27e-06 V                  ; 2.34 V             ; -0.00327 V         ; 0.11 V                              ; 0.03 V                              ; 8.38e-10 s                 ; 1.07e-09 s                 ; Yes                       ; Yes                       ;
+---------------+--------------+---------------------+---------------------+------------------------------+------------------------------+---------------------+---------------------+--------------------------------------+--------------------------------------+-----------------------------+-----------------------------+----------------------------+----------------------------+-----------------------------+-----------------------------+--------------------+--------------------+-------------------------------------+-------------------------------------+----------------------------+----------------------------+---------------------------+---------------------------+


+--------------------------------------------------------------------------------------------------------------------------------------------------------------------------------------------------------------------------------------------------------------------------------------------------------------------------------------------------------------------------------------------------------------------------------------------------------------------------------------------------------------------------------------------------------------------------------------------------------------------------------------------------------------------------------------------+
; Signal Integrity Metrics (Fast 1200mv n40c Model)                                                                                                                                                                                                                                                                                                                                                                                                                                                                                                                                                                                                                                          ;
+---------------+--------------+---------------------+---------------------+------------------------------+------------------------------+---------------------+---------------------+--------------------------------------+--------------------------------------+-----------------------------+-----------------------------+----------------------------+----------------------------+-----------------------------+-----------------------------+--------------------+--------------------+-------------------------------------+-------------------------------------+----------------------------+----------------------------+---------------------------+---------------------------+
; Pin           ; I/O Standard ; Board Delay on Rise ; Board Delay on Fall ; Steady State Voh at FPGA Pin ; Steady State Vol at FPGA Pin ; Voh Max at FPGA Pin ; Vol Min at FPGA Pin ; Ringback Voltage on Rise at FPGA Pin ; Ringback Voltage on Fall at FPGA Pin ; 10-90 Rise Time at FPGA Pin ; 90-10 Fall Time at FPGA Pin ; Monotonic Rise at FPGA Pin ; Monotonic Fall at FPGA Pin ; Steady State Voh at Far-end ; Steady State Vol at Far-end ; Voh Max at Far-end ; Vol Min at Far-end ; Ringback Voltage on Rise at Far-end ; Ringback Voltage on Fall at Far-end ; 10-90 Rise Time at Far-end ; 90-10 Fall Time at Far-end ; Monotonic Rise at Far-end ; Monotonic Fall at Far-end ;
+---------------+--------------+---------------------+---------------------+------------------------------+------------------------------+---------------------+---------------------+--------------------------------------+--------------------------------------+-----------------------------+-----------------------------+----------------------------+----------------------------+-----------------------------+-----------------------------+--------------------+--------------------+-------------------------------------+-------------------------------------+----------------------------+----------------------------+---------------------------+---------------------------+
; resultpc[0]   ; 2.5 V        ; 0 s                 ; 0 s                 ; 2.62 V                       ; 3.46e-09 V                   ; 2.76 V              ; -0.079 V            ; 0.178 V                              ; 0.111 V                              ; 2.58e-10 s                  ; 2.54e-10 s                  ; Yes                        ; Yes                        ; 2.62 V                      ; 3.46e-09 V                  ; 2.76 V             ; -0.079 V           ; 0.178 V                             ; 0.111 V                             ; 2.58e-10 s                 ; 2.54e-10 s                 ; Yes                       ; Yes                       ;
; resultpc[1]   ; 2.5 V        ; 0 s                 ; 0 s                 ; 2.62 V                       ; 3.46e-09 V                   ; 2.76 V              ; -0.079 V            ; 0.178 V                              ; 0.111 V                              ; 2.58e-10 s                  ; 2.54e-10 s                  ; Yes                        ; Yes                        ; 2.62 V                      ; 3.46e-09 V                  ; 2.76 V             ; -0.079 V           ; 0.178 V                             ; 0.111 V                             ; 2.58e-10 s                 ; 2.54e-10 s                 ; Yes                       ; Yes                       ;
; resultpc[2]   ; 2.5 V        ; 0 s                 ; 0 s                 ; 2.62 V                       ; 3.46e-09 V                   ; 2.76 V              ; -0.079 V            ; 0.178 V                              ; 0.111 V                              ; 2.58e-10 s                  ; 2.54e-10 s                  ; Yes                        ; Yes                        ; 2.62 V                      ; 3.46e-09 V                  ; 2.76 V             ; -0.079 V           ; 0.178 V                             ; 0.111 V                             ; 2.58e-10 s                 ; 2.54e-10 s                 ; Yes                       ; Yes                       ;
; resultpc[3]   ; 2.5 V        ; 0 s                 ; 0 s                 ; 2.62 V                       ; 3.46e-09 V                   ; 2.76 V              ; -0.079 V            ; 0.178 V                              ; 0.111 V                              ; 2.58e-10 s                  ; 2.54e-10 s                  ; Yes                        ; Yes                        ; 2.62 V                      ; 3.46e-09 V                  ; 2.76 V             ; -0.079 V           ; 0.178 V                             ; 0.111 V                             ; 2.58e-10 s                 ; 2.54e-10 s                 ; Yes                       ; Yes                       ;
; resultpc[4]   ; 2.5 V        ; 0 s                 ; 0 s                 ; 2.62 V                       ; 2.43e-09 V                   ; 2.73 V              ; -0.043 V            ; 0.216 V                              ; 0.135 V                              ; 4.76e-10 s                  ; 4.78e-10 s                  ; No                         ; Yes                        ; 2.62 V                      ; 2.43e-09 V                  ; 2.73 V             ; -0.043 V           ; 0.216 V                             ; 0.135 V                             ; 4.76e-10 s                 ; 4.78e-10 s                 ; No                        ; Yes                       ;
; resultpc[5]   ; 2.5 V        ; 0 s                 ; 0 s                 ; 2.62 V                       ; 2.43e-09 V                   ; 2.73 V              ; -0.043 V            ; 0.216 V                              ; 0.135 V                              ; 4.76e-10 s                  ; 4.78e-10 s                  ; No                         ; Yes                        ; 2.62 V                      ; 2.43e-09 V                  ; 2.73 V             ; -0.043 V           ; 0.216 V                             ; 0.135 V                             ; 4.76e-10 s                 ; 4.78e-10 s                 ; No                        ; Yes                       ;
; resultpc[6]   ; 2.5 V        ; 0 s                 ; 0 s                 ; 2.62 V                       ; 3.46e-09 V                   ; 2.76 V              ; -0.079 V            ; 0.178 V                              ; 0.111 V                              ; 2.58e-10 s                  ; 2.54e-10 s                  ; Yes                        ; Yes                        ; 2.62 V                      ; 3.46e-09 V                  ; 2.76 V             ; -0.079 V           ; 0.178 V                             ; 0.111 V                             ; 2.58e-10 s                 ; 2.54e-10 s                 ; Yes                       ; Yes                       ;
; resultpc[7]   ; 2.5 V        ; 0 s                 ; 0 s                 ; 2.62 V                       ; 3.46e-09 V                   ; 2.76 V              ; -0.079 V            ; 0.178 V                              ; 0.111 V                              ; 2.58e-10 s                  ; 2.54e-10 s                  ; Yes                        ; Yes                        ; 2.62 V                      ; 3.46e-09 V                  ; 2.76 V             ; -0.079 V           ; 0.178 V                             ; 0.111 V                             ; 2.58e-10 s                 ; 2.54e-10 s                 ; Yes                       ; Yes                       ;
; resultpc[8]   ; 2.5 V        ; 0 s                 ; 0 s                 ; 2.62 V                       ; 3.46e-09 V                   ; 2.76 V              ; -0.079 V            ; 0.178 V                              ; 0.111 V                              ; 2.58e-10 s                  ; 2.54e-10 s                  ; Yes                        ; Yes                        ; 2.62 V                      ; 3.46e-09 V                  ; 2.76 V             ; -0.079 V           ; 0.178 V                             ; 0.111 V                             ; 2.58e-10 s                 ; 2.54e-10 s                 ; Yes                       ; Yes                       ;
; resultpc[9]   ; 2.5 V        ; 0 s                 ; 0 s                 ; 2.62 V                       ; 3.46e-09 V                   ; 2.76 V              ; -0.079 V            ; 0.178 V                              ; 0.111 V                              ; 2.58e-10 s                  ; 2.54e-10 s                  ; Yes                        ; Yes                        ; 2.62 V                      ; 3.46e-09 V                  ; 2.76 V             ; -0.079 V           ; 0.178 V                             ; 0.111 V                             ; 2.58e-10 s                 ; 2.54e-10 s                 ; Yes                       ; Yes                       ;
; resultpc[10]  ; 2.5 V        ; 0 s                 ; 0 s                 ; 2.62 V                       ; 3.46e-09 V                   ; 2.65 V              ; -0.0145 V           ; 0.213 V                              ; 0.199 V                              ; 2.16e-09 s                  ; 2.07e-09 s                  ; No                         ; Yes                        ; 2.62 V                      ; 3.46e-09 V                  ; 2.65 V             ; -0.0145 V          ; 0.213 V                             ; 0.199 V                             ; 2.16e-09 s                 ; 2.07e-09 s                 ; No                        ; Yes                       ;
; resultpc[11]  ; 2.5 V        ; 0 s                 ; 0 s                 ; 2.62 V                       ; 3.46e-09 V                   ; 2.76 V              ; -0.079 V            ; 0.178 V                              ; 0.111 V                              ; 2.58e-10 s                  ; 2.54e-10 s                  ; Yes                        ; Yes                        ; 2.62 V                      ; 3.46e-09 V                  ; 2.76 V             ; -0.079 V           ; 0.178 V                             ; 0.111 V                             ; 2.58e-10 s                 ; 2.54e-10 s                 ; Yes                       ; Yes                       ;
; flash[0]      ; 2.5 V        ; 0 s                 ; 0 s                 ; 2.62 V                       ; 3.46e-09 V                   ; 2.76 V              ; -0.079 V            ; 0.178 V                              ; 0.111 V                              ; 2.58e-10 s                  ; 2.54e-10 s                  ; Yes                        ; Yes                        ; 2.62 V                      ; 3.46e-09 V                  ; 2.76 V             ; -0.079 V           ; 0.178 V                             ; 0.111 V                             ; 2.58e-10 s                 ; 2.54e-10 s                 ; Yes                       ; Yes                       ;
; flash[1]      ; 2.5 V        ; 0 s                 ; 0 s                 ; 2.62 V                       ; 2.43e-09 V                   ; 2.73 V              ; -0.043 V            ; 0.216 V                              ; 0.135 V                              ; 4.76e-10 s                  ; 4.78e-10 s                  ; No                         ; Yes                        ; 2.62 V                      ; 2.43e-09 V                  ; 2.73 V             ; -0.043 V           ; 0.216 V                             ; 0.135 V                             ; 4.76e-10 s                 ; 4.78e-10 s                 ; No                        ; Yes                       ;
; debugflash[0] ; 2.5 V        ; 0 s                 ; 0 s                 ; 2.62 V                       ; 3.46e-09 V                   ; 2.76 V              ; -0.079 V            ; 0.178 V                              ; 0.111 V                              ; 2.58e-10 s                  ; 2.54e-10 s                  ; Yes                        ; Yes                        ; 2.62 V                      ; 3.46e-09 V                  ; 2.76 V             ; -0.079 V           ; 0.178 V                             ; 0.111 V                             ; 2.58e-10 s                 ; 2.54e-10 s                 ; Yes                       ; Yes                       ;
; debugflash[1] ; 2.5 V        ; 0 s                 ; 0 s                 ; 2.62 V                       ; 2.43e-09 V                   ; 2.73 V              ; -0.043 V            ; 0.216 V                              ; 0.135 V                              ; 4.76e-10 s                  ; 4.78e-10 s                  ; No                         ; Yes                        ; 2.62 V                      ; 2.43e-09 V                  ; 2.73 V             ; -0.043 V           ; 0.216 V                             ; 0.135 V                             ; 4.76e-10 s                 ; 4.78e-10 s                 ; No                        ; Yes                       ;
; ~ALTERA_DCLK~ ; 2.5 V        ; 0 s                 ; 0 s                 ; 2.62 V                       ; 2e-09 V                      ; 2.74 V              ; -0.103 V            ; 0.233 V                              ; 0.159 V                              ; 2.85e-10 s                  ; 2.77e-10 s                  ; Yes                        ; Yes                        ; 2.62 V                      ; 2e-09 V                     ; 2.74 V             ; -0.103 V           ; 0.233 V                             ; 0.159 V                             ; 2.85e-10 s                 ; 2.77e-10 s                 ; Yes                       ; Yes                       ;
; ~ALTERA_nCEO~ ; 2.5 V        ; 0 s                 ; 0 s                 ; 2.62 V                       ; 3.09e-09 V                   ; 2.72 V              ; -0.0273 V           ; 0.18 V                               ; 0.08 V                               ; 4.67e-10 s                  ; 6.1e-10 s                   ; No                         ; Yes                        ; 2.62 V                      ; 3.09e-09 V                  ; 2.72 V             ; -0.0273 V          ; 0.18 V                              ; 0.08 V                              ; 4.67e-10 s                 ; 6.1e-10 s                  ; No                        ; Yes                       ;
+---------------+--------------+---------------------+---------------------+------------------------------+------------------------------+---------------------+---------------------+--------------------------------------+--------------------------------------+-----------------------------+-----------------------------+----------------------------+----------------------------+-----------------------------+-----------------------------+--------------------+--------------------+-------------------------------------+-------------------------------------+----------------------------+----------------------------+---------------------------+---------------------------+


-------------------
; Clock Transfers ;
-------------------
Nothing to report.


---------------
; Report TCCS ;
---------------
No dedicated SERDES Transmitter circuitry present in device or used in design


---------------
; Report RSKM ;
---------------
No non-DPA dedicated SERDES Receiver circuitry present in device or used in design


+------------------------------------------------+
; Unconstrained Paths Summary                    ;
+---------------------------------+-------+------+
; Property                        ; Setup ; Hold ;
+---------------------------------+-------+------+
; Illegal Clocks                  ; 0     ; 0    ;
; Unconstrained Clocks            ; 2     ; 2    ;
; Unconstrained Input Ports       ; 32    ; 32   ;
; Unconstrained Input Port Paths  ; 248   ; 248  ;
; Unconstrained Output Ports      ; 16    ; 16   ;
; Unconstrained Output Port Paths ; 892   ; 892  ;
+---------------------------------+-------+------+


+---------------------------------------+
; Clock Status Summary                  ;
+--------+-------+------+---------------+
; Target ; Clock ; Type ; Status        ;
+--------+-------+------+---------------+
; clock  ; clock ; Base ; Constrained   ;
; enable ;       ; Base ; Unconstrained ;
; reset  ;       ; Base ; Unconstrained ;
+--------+-------+------+---------------+


+----------------------------------------------------------------------------------------------------+
; Unconstrained Input Ports                                                                          ;
+-------------+--------------------------------------------------------------------------------------+
; Input Port  ; Comment                                                                              ;
+-------------+--------------------------------------------------------------------------------------+
; inminusflag ; No input delay, min/max delays, false-path exceptions, or max skew assignments found ;
; inoverflow  ; No input delay, min/max delays, false-path exceptions, or max skew assignments found ;
; inpc[0]     ; No input delay, min/max delays, false-path exceptions, or max skew assignments found ;
; inpc[1]     ; No input delay, min/max delays, false-path exceptions, or max skew assignments found ;
; inpc[2]     ; No input delay, min/max delays, false-path exceptions, or max skew assignments found ;
; inpc[3]     ; No input delay, min/max delays, false-path exceptions, or max skew assignments found ;
; inpc[4]     ; No input delay, min/max delays, false-path exceptions, or max skew assignments found ;
; inpc[5]     ; No input delay, min/max delays, false-path exceptions, or max skew assignments found ;
; inpc[6]     ; No input delay, min/max delays, false-path exceptions, or max skew assignments found ;
; inpc[7]     ; No input delay, min/max delays, false-path exceptions, or max skew assignments found ;
; inpc[8]     ; No input delay, min/max delays, false-path exceptions, or max skew assignments found ;
; inpc[9]     ; No input delay, min/max delays, false-path exceptions, or max skew assignments found ;
; inpc[10]    ; No input delay, min/max delays, false-path exceptions, or max skew assignments found ;
; inpc[11]    ; No input delay, min/max delays, false-path exceptions, or max skew assignments found ;
; inst[0]     ; No input delay, min/max delays, false-path exceptions, or max skew assignments found ;
; inst[1]     ; No input delay, min/max delays, false-path exceptions, or max skew assignments found ;
; inst[2]     ; No input delay, min/max delays, false-path exceptions, or max skew assignments found ;
; inst[3]     ; No input delay, min/max delays, false-path exceptions, or max skew assignments found ;
; inst[4]     ; No input delay, min/max delays, false-path exceptions, or max skew assignments found ;
; inst[5]     ; No input delay, min/max delays, false-path exceptions, or max skew assignments found ;
; inst[6]     ; No input delay, min/max delays, false-path exceptions, or max skew assignments found ;
; inst[7]     ; No input delay, min/max delays, false-path exceptions, or max skew assignments found ;
; inst[8]     ; No input delay, min/max delays, false-path exceptions, or max skew assignments found ;
; inst[9]     ; No input delay, min/max delays, false-path exceptions, or max skew assignments found ;
; inst[10]    ; No input delay, min/max delays, false-path exceptions, or max skew assignments found ;
; inst[11]    ; No input delay, min/max delays, false-path exceptions, or max skew assignments found ;
; inst[12]    ; No input delay, min/max delays, false-path exceptions, or max skew assignments found ;
; inst[13]    ; No input delay, min/max delays, false-path exceptions, or max skew assignments found ;
; inst[14]    ; No input delay, min/max delays, false-path exceptions, or max skew assignments found ;
; inst[15]    ; No input delay, min/max delays, false-path exceptions, or max skew assignments found ;
; inzeroflag  ; No input delay, min/max delays, false-path exceptions, or max skew assignments found ;
; reset       ; No input delay, min/max delays, false-path exceptions, or max skew assignments found ;
+-------------+--------------------------------------------------------------------------------------+


+-------------------------------------------------------------------------------------------------------+
; Unconstrained Output Ports                                                                            ;
+---------------+---------------------------------------------------------------------------------------+
; Output Port   ; Comment                                                                               ;
+---------------+---------------------------------------------------------------------------------------+
; debugflash[0] ; No output delay, min/max delays, false-path exceptions, or max skew assignments found ;
; debugflash[1] ; No output delay, min/max delays, false-path exceptions, or max skew assignments found ;
; flash[0]      ; No output delay, min/max delays, false-path exceptions, or max skew assignments found ;
; flash[1]      ; No output delay, min/max delays, false-path exceptions, or max skew assignments found ;
; resultpc[0]   ; No output delay, min/max delays, false-path exceptions, or max skew assignments found ;
; resultpc[1]   ; No output delay, min/max delays, false-path exceptions, or max skew assignments found ;
; resultpc[2]   ; No output delay, min/max delays, false-path exceptions, or max skew assignments found ;
; resultpc[3]   ; No output delay, min/max delays, false-path exceptions, or max skew assignments found ;
; resultpc[4]   ; No output delay, min/max delays, false-path exceptions, or max skew assignments found ;
; resultpc[5]   ; No output delay, min/max delays, false-path exceptions, or max skew assignments found ;
; resultpc[6]   ; No output delay, min/max delays, false-path exceptions, or max skew assignments found ;
; resultpc[7]   ; No output delay, min/max delays, false-path exceptions, or max skew assignments found ;
; resultpc[8]   ; No output delay, min/max delays, false-path exceptions, or max skew assignments found ;
; resultpc[9]   ; No output delay, min/max delays, false-path exceptions, or max skew assignments found ;
; resultpc[10]  ; No output delay, min/max delays, false-path exceptions, or max skew assignments found ;
; resultpc[11]  ; No output delay, min/max delays, false-path exceptions, or max skew assignments found ;
+---------------+---------------------------------------------------------------------------------------+


+----------------------------------------------------------------------------------------------------+
; Unconstrained Input Ports                                                                          ;
+-------------+--------------------------------------------------------------------------------------+
; Input Port  ; Comment                                                                              ;
+-------------+--------------------------------------------------------------------------------------+
; inminusflag ; No input delay, min/max delays, false-path exceptions, or max skew assignments found ;
; inoverflow  ; No input delay, min/max delays, false-path exceptions, or max skew assignments found ;
; inpc[0]     ; No input delay, min/max delays, false-path exceptions, or max skew assignments found ;
; inpc[1]     ; No input delay, min/max delays, false-path exceptions, or max skew assignments found ;
; inpc[2]     ; No input delay, min/max delays, false-path exceptions, or max skew assignments found ;
; inpc[3]     ; No input delay, min/max delays, false-path exceptions, or max skew assignments found ;
; inpc[4]     ; No input delay, min/max delays, false-path exceptions, or max skew assignments found ;
; inpc[5]     ; No input delay, min/max delays, false-path exceptions, or max skew assignments found ;
; inpc[6]     ; No input delay, min/max delays, false-path exceptions, or max skew assignments found ;
; inpc[7]     ; No input delay, min/max delays, false-path exceptions, or max skew assignments found ;
; inpc[8]     ; No input delay, min/max delays, false-path exceptions, or max skew assignments found ;
; inpc[9]     ; No input delay, min/max delays, false-path exceptions, or max skew assignments found ;
; inpc[10]    ; No input delay, min/max delays, false-path exceptions, or max skew assignments found ;
; inpc[11]    ; No input delay, min/max delays, false-path exceptions, or max skew assignments found ;
; inst[0]     ; No input delay, min/max delays, false-path exceptions, or max skew assignments found ;
; inst[1]     ; No input delay, min/max delays, false-path exceptions, or max skew assignments found ;
; inst[2]     ; No input delay, min/max delays, false-path exceptions, or max skew assignments found ;
; inst[3]     ; No input delay, min/max delays, false-path exceptions, or max skew assignments found ;
; inst[4]     ; No input delay, min/max delays, false-path exceptions, or max skew assignments found ;
; inst[5]     ; No input delay, min/max delays, false-path exceptions, or max skew assignments found ;
; inst[6]     ; No input delay, min/max delays, false-path exceptions, or max skew assignments found ;
; inst[7]     ; No input delay, min/max delays, false-path exceptions, or max skew assignments found ;
; inst[8]     ; No input delay, min/max delays, false-path exceptions, or max skew assignments found ;
; inst[9]     ; No input delay, min/max delays, false-path exceptions, or max skew assignments found ;
; inst[10]    ; No input delay, min/max delays, false-path exceptions, or max skew assignments found ;
; inst[11]    ; No input delay, min/max delays, false-path exceptions, or max skew assignments found ;
; inst[12]    ; No input delay, min/max delays, false-path exceptions, or max skew assignments found ;
; inst[13]    ; No input delay, min/max delays, false-path exceptions, or max skew assignments found ;
; inst[14]    ; No input delay, min/max delays, false-path exceptions, or max skew assignments found ;
; inst[15]    ; No input delay, min/max delays, false-path exceptions, or max skew assignments found ;
; inzeroflag  ; No input delay, min/max delays, false-path exceptions, or max skew assignments found ;
; reset       ; No input delay, min/max delays, false-path exceptions, or max skew assignments found ;
+-------------+--------------------------------------------------------------------------------------+


+-------------------------------------------------------------------------------------------------------+
; Unconstrained Output Ports                                                                            ;
+---------------+---------------------------------------------------------------------------------------+
; Output Port   ; Comment                                                                               ;
+---------------+---------------------------------------------------------------------------------------+
; debugflash[0] ; No output delay, min/max delays, false-path exceptions, or max skew assignments found ;
; debugflash[1] ; No output delay, min/max delays, false-path exceptions, or max skew assignments found ;
; flash[0]      ; No output delay, min/max delays, false-path exceptions, or max skew assignments found ;
; flash[1]      ; No output delay, min/max delays, false-path exceptions, or max skew assignments found ;
; resultpc[0]   ; No output delay, min/max delays, false-path exceptions, or max skew assignments found ;
; resultpc[1]   ; No output delay, min/max delays, false-path exceptions, or max skew assignments found ;
; resultpc[2]   ; No output delay, min/max delays, false-path exceptions, or max skew assignments found ;
; resultpc[3]   ; No output delay, min/max delays, false-path exceptions, or max skew assignments found ;
; resultpc[4]   ; No output delay, min/max delays, false-path exceptions, or max skew assignments found ;
; resultpc[5]   ; No output delay, min/max delays, false-path exceptions, or max skew assignments found ;
; resultpc[6]   ; No output delay, min/max delays, false-path exceptions, or max skew assignments found ;
; resultpc[7]   ; No output delay, min/max delays, false-path exceptions, or max skew assignments found ;
; resultpc[8]   ; No output delay, min/max delays, false-path exceptions, or max skew assignments found ;
; resultpc[9]   ; No output delay, min/max delays, false-path exceptions, or max skew assignments found ;
; resultpc[10]  ; No output delay, min/max delays, false-path exceptions, or max skew assignments found ;
; resultpc[11]  ; No output delay, min/max delays, false-path exceptions, or max skew assignments found ;
+---------------+---------------------------------------------------------------------------------------+


+------------------------------------+
; TimeQuest Timing Analyzer Messages ;
+------------------------------------+
Info: *******************************************************************
Info: Running Quartus Prime TimeQuest Timing Analyzer
    Info: Version 17.1.0 Build 590 10/25/2017 SJ Lite Edition
    Info: Processing started: Sat May 22 12:43:29 2021
Info: Command: quartus_sta bunki_v2 -c bunki_v2
Info: qsta_default_script.tcl version: #3
Warning (18236): Number of processors has not been specified which may cause overloading on shared machines.  Set the global assignment NUM_PARALLEL_PROCESSORS in your QSF to an appropriate value for best performance.
Info (20030): Parallel compilation is enabled and will use 6 of the 6 processors detected
Info (21077): Low junction temperature is -40 degrees C
Info (21077): High junction temperature is 100 degrees C
Warning (335093): TimeQuest Timing Analyzer is analyzing 132 combinational loops as latches. For more details, run the Check Timing command in the TimeQuest Timing Analyzer or view the "User-Specified and Inferred Latches" table in the Analysis & Synthesis report.
Info (332104): Reading SDC File: 'bunki_v2.sdc'
Warning (332060): Node: enable was determined to be a clock but was found without an associated clock assignment.
    Info (13166): Latch prefile[9][1] is being clocked by enable
Warning (332060): Node: reset was determined to be a clock but was found without an associated clock assignment.
    Info (13166): Latch pcfetch[0] is being clocked by reset
Info: Found TIMEQUEST_REPORT_SCRIPT_INCLUDE_DEFAULT_ANALYSIS = ON
Info: Analyzing Slow 1200mV 100C Model
Info (332140): No fmax paths to report
Info (332140): No Setup paths to report
Info (332140): No Hold paths to report
Info (332140): No Recovery paths to report
Info (332140): No Removal paths to report
Info (332146): Worst-case minimum pulse width slack is 6.000
    Info (332119):     Slack       End Point TNS Clock 
    Info (332119): ========= =================== =====================
    Info (332119):     6.000               0.000 clock 
Info: Analyzing Slow 1200mV -40C Model
Info (334003): Started post-fitting delay annotation
Info (334004): Delay annotation completed successfully
Warning (332060): Node: enable was determined to be a clock but was found without an associated clock assignment.
    Info (13166): Latch prefile[9][1] is being clocked by enable
Warning (332060): Node: reset was determined to be a clock but was found without an associated clock assignment.
    Info (13166): Latch pcfetch[0] is being clocked by reset
Info (332140): No fmax paths to report
Info (332140): No Setup paths to report
Info (332140): No Hold paths to report
Info (332140): No Recovery paths to report
Info (332140): No Removal paths to report
Info (332146): Worst-case minimum pulse width slack is 6.000
    Info (332119):     Slack       End Point TNS Clock 
    Info (332119): ========= =================== =====================
    Info (332119):     6.000               0.000 clock 
Info: Analyzing Fast 1200mV -40C Model
Warning (332060): Node: enable was determined to be a clock but was found without an associated clock assignment.
    Info (13166): Latch prefile[9][1] is being clocked by enable
Warning (332060): Node: reset was determined to be a clock but was found without an associated clock assignment.
    Info (13166): Latch pcfetch[0] is being clocked by reset
Info (332140): No Setup paths to report
Info (332140): No Hold paths to report
Info (332140): No Recovery paths to report
Info (332140): No Removal paths to report
Info (332146): Worst-case minimum pulse width slack is 6.000
    Info (332119):     Slack       End Point TNS Clock 
    Info (332119): ========= =================== =====================
    Info (332119):     6.000               0.000 clock 
Info (332102): Design is not fully constrained for setup requirements
Info (332102): Design is not fully constrained for hold requirements
Info: Quartus Prime TimeQuest Timing Analyzer was successful. 0 errors, 8 warnings
    Info: Peak virtual memory: 4800 megabytes
    Info: Processing ended: Sat May 22 12:43:31 2021
    Info: Elapsed time: 00:00:02
    Info: Total CPU time (on all processors): 00:00:02


