Flow report for top
Thu Jun 03 13:33:19 2021
Quartus Prime Version 17.1.0 Build 590 10/25/2017 SJ Lite Edition


---------------------
; Table of Contents ;
---------------------
  1. Legal Notice
  2. Flow Summary
  3. Flow Settings
  4. Flow Non-Default Global Settings
  5. Flow Elapsed Time
  6. Flow OS Summary
  7. Flow Log
  8. Flow Messages
  9. Flow Suppressed Messages



----------------
; Legal Notice ;
----------------
Copyright (C) 2017  Intel Corporation. All rights reserved.
Your use of Intel Corporation's design tools, logic functions 
and other software and tools, and its AMPP partner logic 
functions, and any output files from any of the foregoing 
(including device programming or simulation files), and any 
associated documentation or information are expressly subject 
to the terms and conditions of the Intel Program License 
Subscription Agreement, the Intel Quartus Prime License Agreement,
the Intel FPGA IP License Agreement, or other applicable license
agreement, including, without limitation, that your use is for
the sole purpose of programming logic devices manufactured by
Intel and sold by Intel or its authorized distributors.  Please
refer to the applicable agreement for further details.



+----------------------------------------------------------------------------------+
; Flow Summary                                                                     ;
+------------------------------------+---------------------------------------------+
; Flow Status                        ; Successful - Thu Jun 03 13:33:18 2021       ;
; Quartus Prime Version              ; 17.1.0 Build 590 10/25/2017 SJ Lite Edition ;
; Revision Name                      ; top                                         ;
; Top-level Entity Name              ; top                                         ;
; Family                             ; Cyclone IV E                                ;
; Device                             ; EP4CE30F23I7                                ;
; Timing Models                      ; Final                                       ;
; Total logic elements               ; 2,111 / 28,848 ( 7 % )                      ;
;     Total combinational functions  ; 2,075 / 28,848 ( 7 % )                      ;
;     Dedicated logic registers      ; 658 / 28,848 ( 2 % )                        ;
; Total registers                    ; 658                                         ;
; Total pins                         ; 255 / 329 ( 78 % )                          ;
; Total virtual pins                 ; 0                                           ;
; Total memory bits                  ; 131,072 / 608,256 ( 22 % )                  ;
; Embedded Multiplier 9-bit elements ; 0 / 132 ( 0 % )                             ;
; Total PLLs                         ; 1 / 4 ( 25 % )                              ;
+------------------------------------+---------------------------------------------+


+-----------------------------------------+
; Flow Settings                           ;
+-------------------+---------------------+
; Option            ; Setting             ;
+-------------------+---------------------+
; Start date & time ; 06/03/2021 13:31:13 ;
; Main task         ; Compilation         ;
; Revision Name     ; top                 ;
+-------------------+---------------------+


+------------------------------------------------------------------------------------------------------------------------------+
; Flow Non-Default Global Settings                                                                                             ;
+--------------------------------------+----------------------------------------+---------------+-------------+----------------+
; Assignment Name                      ; Value                                  ; Default Value ; Entity Name ; Section Id     ;
+--------------------------------------+----------------------------------------+---------------+-------------+----------------+
; COMPILER_SIGNATURE_ID                ; 231453550107530.162269467207828        ; --            ; --          ; --             ;
; EDA_DESIGN_INSTANCE_NAME             ; NA                                     ; --            ; --          ; test1          ;
; EDA_DESIGN_INSTANCE_NAME             ; NA                                     ; --            ; --          ; test2          ;
; EDA_NATIVELINK_SIMULATION_TEST_BENCH ; test2                                  ; --            ; --          ; eda_simulation ;
; EDA_OUTPUT_DATA_FORMAT               ; Verilog Hdl                            ; --            ; --          ; eda_simulation ;
; EDA_SIMULATION_TOOL                  ; ModelSim-Altera (Verilog)              ; <None>        ; --          ; --             ;
; EDA_TEST_BENCH_ENABLE_STATUS         ; TEST_BENCH_MODE                        ; --            ; --          ; eda_simulation ;
; EDA_TEST_BENCH_FILE                  ; simulation/modelsim/top_test1.vt       ; --            ; --          ; test1          ;
; EDA_TEST_BENCH_FILE                  ; simulation/modelsim/top_test2.vt       ; --            ; --          ; test2          ;
; EDA_TEST_BENCH_MODULE_NAME           ; test1                                  ; --            ; --          ; test1          ;
; EDA_TEST_BENCH_MODULE_NAME           ; test2                                  ; --            ; --          ; test2          ;
; EDA_TEST_BENCH_NAME                  ; test1                                  ; --            ; --          ; eda_simulation ;
; EDA_TEST_BENCH_NAME                  ; test2                                  ; --            ; --          ; eda_simulation ;
; EDA_TIME_SCALE                       ; 1 ps                                   ; --            ; --          ; eda_simulation ;
; MAX_CORE_JUNCTION_TEMP               ; 100                                    ; --            ; --          ; --             ;
; MIN_CORE_JUNCTION_TEMP               ; -40                                    ; --            ; --          ; --             ;
; MISC_FILE                            ; instr_mem.bsf                          ; --            ; --          ; --             ;
; MISC_FILE                            ; instr_mem_inst.v                       ; --            ; --          ; --             ;
; MISC_FILE                            ; instr_mem_bb.v                         ; --            ; --          ; --             ;
; MISC_FILE                            ; instr_mem.inc                          ; --            ; --          ; --             ;
; MISC_FILE                            ; instr_mem.cmp                          ; --            ; --          ; --             ;
; MISC_FILE                            ; datamem2.bsf                           ; --            ; --          ; --             ;
; MISC_FILE                            ; datamem2_inst.v                        ; --            ; --          ; --             ;
; MISC_FILE                            ; datamem2_bb.v                          ; --            ; --          ; --             ;
; MISC_FILE                            ; datamem2.inc                           ; --            ; --          ; --             ;
; MISC_FILE                            ; datamem2.cmp                           ; --            ; --          ; --             ;
; MISC_FILE                            ; datamem1.bsf                           ; --            ; --          ; --             ;
; MISC_FILE                            ; datamem1_inst.v                        ; --            ; --          ; --             ;
; MISC_FILE                            ; datamem1_bb.v                          ; --            ; --          ; --             ;
; MISC_FILE                            ; datamem1.inc                           ; --            ; --          ; --             ;
; MISC_FILE                            ; datamem1.cmp                           ; --            ; --          ; --             ;
; MISC_FILE                            ; altplltest.bsf                         ; --            ; --          ; --             ;
; MISC_FILE                            ; altplltest_inst.v                      ; --            ; --          ; --             ;
; MISC_FILE                            ; altplltest_bb.v                        ; --            ; --          ; --             ;
; MISC_FILE                            ; altplltest.inc                         ; --            ; --          ; --             ;
; MISC_FILE                            ; altplltest.cmp                         ; --            ; --          ; --             ;
; MISC_FILE                            ; altplltest.ppf                         ; --            ; --          ; --             ;
; NOMINAL_CORE_SUPPLY_VOLTAGE          ; 1.2V                                   ; --            ; --          ; --             ;
; PARTITION_COLOR                      ; -- (Not supported for targeted family) ; --            ; --          ; Top            ;
; PARTITION_FITTER_PRESERVATION_LEVEL  ; -- (Not supported for targeted family) ; --            ; --          ; Top            ;
; PARTITION_NETLIST_TYPE               ; -- (Not supported for targeted family) ; --            ; --          ; Top            ;
; POWER_BOARD_THERMAL_MODEL            ; None (CONSERVATIVE)                    ; --            ; --          ; --             ;
; POWER_PRESET_COOLING_SOLUTION        ; 23 MM HEAT SINK WITH 200 LFPM AIRFLOW  ; --            ; --          ; --             ;
; PROJECT_OUTPUT_DIRECTORY             ; output_files                           ; --            ; --          ; --             ;
+--------------------------------------+----------------------------------------+---------------+-------------+----------------+


+-------------------------------------------------------------------------------------------------------------------------------+
; Flow Elapsed Time                                                                                                             ;
+---------------------------+--------------+-------------------------+---------------------+------------------------------------+
; Module Name               ; Elapsed Time ; Average Processors Used ; Peak Virtual Memory ; Total CPU Time (on all processors) ;
+---------------------------+--------------+-------------------------+---------------------+------------------------------------+
; Analysis & Synthesis      ; 00:00:59     ; 1.0                     ; 4842 MB             ; 00:01:34                           ;
; Fitter                    ; 00:00:27     ; 1.0                     ; 5308 MB             ; 00:00:26                           ;
; Assembler                 ; 00:00:04     ; 1.0                     ; 4681 MB             ; 00:00:04                           ;
; TimeQuest Timing Analyzer ; 00:00:09     ; 1.1                     ; 4790 MB             ; 00:00:08                           ;
; EDA Netlist Writer        ; 00:00:07     ; 1.0                     ; 4677 MB             ; 00:00:07                           ;
; Total                     ; 00:01:46     ; --                      ; --                  ; 00:02:19                           ;
+---------------------------+--------------+-------------------------+---------------------+------------------------------------+


+-----------------------------------------------------------------------------------------+
; Flow OS Summary                                                                         ;
+---------------------------+------------------+------------+------------+----------------+
; Module Name               ; Machine Hostname ; OS Name    ; OS Version ; Processor type ;
+---------------------------+------------------+------------+------------+----------------+
; Analysis & Synthesis      ; PC-B074          ; Windows 10 ; 10.0       ; x86_64         ;
; Fitter                    ; PC-B074          ; Windows 10 ; 10.0       ; x86_64         ;
; Assembler                 ; PC-B074          ; Windows 10 ; 10.0       ; x86_64         ;
; TimeQuest Timing Analyzer ; PC-B074          ; Windows 10 ; 10.0       ; x86_64         ;
; EDA Netlist Writer        ; PC-B074          ; Windows 10 ; 10.0       ; x86_64         ;
+---------------------------+------------------+------------+------------+----------------+


------------
; Flow Log ;
------------
quartus_map --read_settings_files=on --write_settings_files=off top -c top
quartus_fit --read_settings_files=off --write_settings_files=off top -c top
quartus_asm --read_settings_files=off --write_settings_files=off top -c top
quartus_sta top -c top
quartus_eda --read_settings_files=off --write_settings_files=off top -c top



