Flow report for forwarding_unit
Tue May 25 21:39:51 2021
Quartus Prime Version 17.1.0 Build 590 10/25/2017 SJ Lite Edition


---------------------
; Table of Contents ;
---------------------
  1. Legal Notice
  2. Flow Summary
  3. Flow Settings
  4. Flow Non-Default Global Settings
  5. Flow Elapsed Time
  6. Flow OS Summary
  7. Flow Log
  8. Flow Messages
  9. Flow Suppressed Messages



----------------
; Legal Notice ;
----------------
Copyright (C) 2017  Intel Corporation. All rights reserved.
Your use of Intel Corporation's design tools, logic functions 
and other software and tools, and its AMPP partner logic 
functions, and any output files from any of the foregoing 
(including device programming or simulation files), and any 
associated documentation or information are expressly subject 
to the terms and conditions of the Intel Program License 
Subscription Agreement, the Intel Quartus Prime License Agreement,
the Intel FPGA IP License Agreement, or other applicable license
agreement, including, without limitation, that your use is for
the sole purpose of programming logic devices manufactured by
Intel and sold by Intel or its authorized distributors.  Please
refer to the applicable agreement for further details.



+----------------------------------------------------------------------------------+
; Flow Summary                                                                     ;
+------------------------------------+---------------------------------------------+
; Flow Status                        ; Successful - Tue May 25 21:39:51 2021       ;
; Quartus Prime Version              ; 17.1.0 Build 590 10/25/2017 SJ Lite Edition ;
; Revision Name                      ; forwarding_unit                             ;
; Top-level Entity Name              ; forwarding_unit                             ;
; Family                             ; Cyclone IV E                                ;
; Device                             ; EP4CE30F23I7                                ;
; Timing Models                      ; Final                                       ;
; Total logic elements               ; 221 / 28,848 ( < 1 % )                      ;
;     Total combinational functions  ; 221 / 28,848 ( < 1 % )                      ;
;     Dedicated logic registers      ; 0 / 28,848 ( 0 % )                          ;
; Total registers                    ; 0                                           ;
; Total pins                         ; 230 / 329 ( 70 % )                          ;
; Total virtual pins                 ; 0                                           ;
; Total memory bits                  ; 0 / 608,256 ( 0 % )                         ;
; Embedded Multiplier 9-bit elements ; 0 / 132 ( 0 % )                             ;
; Total PLLs                         ; 0 / 4 ( 0 % )                               ;
+------------------------------------+---------------------------------------------+


+-----------------------------------------+
; Flow Settings                           ;
+-------------------+---------------------+
; Option            ; Setting             ;
+-------------------+---------------------+
; Start date & time ; 05/25/2021 21:38:46 ;
; Main task         ; Compilation         ;
; Revision Name     ; forwarding_unit     ;
+-------------------+---------------------+


+------------------------------------------------------------------------------------------------------------------------------------+
; Flow Non-Default Global Settings                                                                                                   ;
+--------------------------------------+----------------------------------------------+---------------+-------------+----------------+
; Assignment Name                      ; Value                                        ; Default Value ; Entity Name ; Section Id     ;
+--------------------------------------+----------------------------------------------+---------------+-------------+----------------+
; COMPILER_SIGNATURE_ID                ; 231453550107530.162194632513048              ; --            ; --          ; --             ;
; EDA_DESIGN_INSTANCE_NAME             ; NA                                           ; --            ; --          ; test1          ;
; EDA_NATIVELINK_SIMULATION_TEST_BENCH ; test1                                        ; --            ; --          ; eda_simulation ;
; EDA_OUTPUT_DATA_FORMAT               ; Verilog Hdl                                  ; --            ; --          ; eda_simulation ;
; EDA_SIMULATION_TOOL                  ; ModelSim-Altera (Verilog)                    ; <None>        ; --          ; --             ;
; EDA_TEST_BENCH_ENABLE_STATUS         ; TEST_BENCH_MODE                              ; --            ; --          ; eda_simulation ;
; EDA_TEST_BENCH_FILE                  ; simulation/modelsim/forwarding_unit_test1.vt ; --            ; --          ; test1          ;
; EDA_TEST_BENCH_MODULE_NAME           ; test1                                        ; --            ; --          ; test1          ;
; EDA_TEST_BENCH_NAME                  ; test1                                        ; --            ; --          ; eda_simulation ;
; EDA_TIME_SCALE                       ; 1 ps                                         ; --            ; --          ; eda_simulation ;
; MAX_CORE_JUNCTION_TEMP               ; 100                                          ; --            ; --          ; --             ;
; MIN_CORE_JUNCTION_TEMP               ; -40                                          ; --            ; --          ; --             ;
; NOMINAL_CORE_SUPPLY_VOLTAGE          ; 1.2V                                         ; --            ; --          ; --             ;
; PARTITION_COLOR                      ; -- (Not supported for targeted family)       ; --            ; --          ; Top            ;
; PARTITION_FITTER_PRESERVATION_LEVEL  ; -- (Not supported for targeted family)       ; --            ; --          ; Top            ;
; PARTITION_NETLIST_TYPE               ; -- (Not supported for targeted family)       ; --            ; --          ; Top            ;
; POWER_BOARD_THERMAL_MODEL            ; None (CONSERVATIVE)                          ; --            ; --          ; --             ;
; POWER_PRESET_COOLING_SOLUTION        ; 23 MM HEAT SINK WITH 200 LFPM AIRFLOW        ; --            ; --          ; --             ;
; PROJECT_OUTPUT_DIRECTORY             ; output_files                                 ; --            ; --          ; --             ;
+--------------------------------------+----------------------------------------------+---------------+-------------+----------------+


+-------------------------------------------------------------------------------------------------------------------------------+
; Flow Elapsed Time                                                                                                             ;
+---------------------------+--------------+-------------------------+---------------------+------------------------------------+
; Module Name               ; Elapsed Time ; Average Processors Used ; Peak Virtual Memory ; Total CPU Time (on all processors) ;
+---------------------------+--------------+-------------------------+---------------------+------------------------------------+
; Analysis & Synthesis      ; 00:00:22     ; 1.0                     ; 4726 MB             ; 00:00:41                           ;
; Fitter                    ; 00:00:16     ; 1.0                     ; 5275 MB             ; 00:00:16                           ;
; Assembler                 ; 00:00:03     ; 1.0                     ; 4674 MB             ; 00:00:03                           ;
; TimeQuest Timing Analyzer ; 00:00:05     ; 1.0                     ; 4753 MB             ; 00:00:04                           ;
; EDA Netlist Writer        ; 00:00:04     ; 1.0                     ; 4644 MB             ; 00:00:03                           ;
; Total                     ; 00:00:50     ; --                      ; --                  ; 00:01:07                           ;
+---------------------------+--------------+-------------------------+---------------------+------------------------------------+


+-----------------------------------------------------------------------------------------+
; Flow OS Summary                                                                         ;
+---------------------------+------------------+------------+------------+----------------+
; Module Name               ; Machine Hostname ; OS Name    ; OS Version ; Processor type ;
+---------------------------+------------------+------------+------------+----------------+
; Analysis & Synthesis      ; PC-B074          ; Windows 10 ; 10.0       ; x86_64         ;
; Fitter                    ; PC-B074          ; Windows 10 ; 10.0       ; x86_64         ;
; Assembler                 ; PC-B074          ; Windows 10 ; 10.0       ; x86_64         ;
; TimeQuest Timing Analyzer ; PC-B074          ; Windows 10 ; 10.0       ; x86_64         ;
; EDA Netlist Writer        ; PC-B074          ; Windows 10 ; 10.0       ; x86_64         ;
+---------------------------+------------------+------------+------------+----------------+


------------
; Flow Log ;
------------
quartus_map --read_settings_files=on --write_settings_files=off forwarding_unit -c forwarding_unit
quartus_fit --read_settings_files=off --write_settings_files=off forwarding_unit -c forwarding_unit
quartus_asm --read_settings_files=off --write_settings_files=off forwarding_unit -c forwarding_unit
quartus_sta forwarding_unit -c forwarding_unit
quartus_eda --read_settings_files=off --write_settings_files=off forwarding_unit -c forwarding_unit



