Analysis & Synthesis report for bunki_v2
Fri May 21 17:17:27 2021
Quartus Prime Version 17.1.0 Build 590 10/25/2017 SJ Lite Edition


---------------------
; Table of Contents ;
---------------------
  1. Legal Notice
  2. Analysis & Synthesis Summary
  3. Analysis & Synthesis Settings
  4. Parallel Compilation
  5. Analysis & Synthesis Source Files Read
  6. Analysis & Synthesis Resource Usage Summary
  7. Analysis & Synthesis Resource Utilization by Entity
  8. User-Specified and Inferred Latches
  9. General Register Statistics
 10. Multiplexer Restructuring Statistics (Restructuring Performed)
 11. Post-Synthesis Netlist Statistics for Top Partition
 12. Elapsed Time Per Partition
 13. Analysis & Synthesis Messages



----------------
; Legal Notice ;
----------------
Copyright (C) 2017  Intel Corporation. All rights reserved.
Your use of Intel Corporation's design tools, logic functions 
and other software and tools, and its AMPP partner logic 
functions, and any output files from any of the foregoing 
(including device programming or simulation files), and any 
associated documentation or information are expressly subject 
to the terms and conditions of the Intel Program License 
Subscription Agreement, the Intel Quartus Prime License Agreement,
the Intel FPGA IP License Agreement, or other applicable license
agreement, including, without limitation, that your use is for
the sole purpose of programming logic devices manufactured by
Intel and sold by Intel or its authorized distributors.  Please
refer to the applicable agreement for further details.



+----------------------------------------------------------------------------------+
; Analysis & Synthesis Summary                                                     ;
+------------------------------------+---------------------------------------------+
; Analysis & Synthesis Status        ; Successful - Fri May 21 17:17:27 2021       ;
; Quartus Prime Version              ; 17.1.0 Build 590 10/25/2017 SJ Lite Edition ;
; Revision Name                      ; bunki_v2                                    ;
; Top-level Entity Name              ; bunki_v2                                    ;
; Family                             ; Cyclone IV E                                ;
; Total logic elements               ; 253                                         ;
;     Total combinational functions  ; 253                                         ;
;     Dedicated logic registers      ; 0                                           ;
; Total registers                    ; 0                                           ;
; Total pins                         ; 50                                          ;
; Total virtual pins                 ; 0                                           ;
; Total memory bits                  ; 0                                           ;
; Embedded Multiplier 9-bit elements ; 0                                           ;
; Total PLLs                         ; 0                                           ;
+------------------------------------+---------------------------------------------+


+----------------------------------------------------------------------------------------------------------------------+
; Analysis & Synthesis Settings                                                                                        ;
+----------------------------------------------------------------------------+--------------------+--------------------+
; Option                                                                     ; Setting            ; Default Value      ;
+----------------------------------------------------------------------------+--------------------+--------------------+
; Device                                                                     ; EP4CE30F23I7       ;                    ;
; Top-level entity name                                                      ; bunki_v2           ; bunki_v2           ;
; Family name                                                                ; Cyclone IV E       ; Cyclone V          ;
; Use smart compilation                                                      ; Off                ; Off                ;
; Enable parallel Assembler and TimeQuest Timing Analyzer during compilation ; On                 ; On                 ;
; Enable compact report table                                                ; Off                ; Off                ;
; Restructure Multiplexers                                                   ; Auto               ; Auto               ;
; Create Debugging Nodes for IP Cores                                        ; Off                ; Off                ;
; Preserve fewer node names                                                  ; On                 ; On                 ;
; Intel FPGA IP Evaluation Mode                                              ; Enable             ; Enable             ;
; Verilog Version                                                            ; Verilog_2001       ; Verilog_2001       ;
; VHDL Version                                                               ; VHDL_1993          ; VHDL_1993          ;
; State Machine Processing                                                   ; Auto               ; Auto               ;
; Safe State Machine                                                         ; Off                ; Off                ;
; Extract Verilog State Machines                                             ; On                 ; On                 ;
; Extract VHDL State Machines                                                ; On                 ; On                 ;
; Ignore Verilog initial constructs                                          ; Off                ; Off                ;
; Iteration limit for constant Verilog loops                                 ; 5000               ; 5000               ;
; Iteration limit for non-constant Verilog loops                             ; 250                ; 250                ;
; Add Pass-Through Logic to Inferred RAMs                                    ; On                 ; On                 ;
; Infer RAMs from Raw Logic                                                  ; On                 ; On                 ;
; Parallel Synthesis                                                         ; On                 ; On                 ;
; DSP Block Balancing                                                        ; Auto               ; Auto               ;
; NOT Gate Push-Back                                                         ; On                 ; On                 ;
; Power-Up Don't Care                                                        ; On                 ; On                 ;
; Remove Redundant Logic Cells                                               ; Off                ; Off                ;
; Remove Duplicate Registers                                                 ; On                 ; On                 ;
; Ignore CARRY Buffers                                                       ; Off                ; Off                ;
; Ignore CASCADE Buffers                                                     ; Off                ; Off                ;
; Ignore GLOBAL Buffers                                                      ; Off                ; Off                ;
; Ignore ROW GLOBAL Buffers                                                  ; Off                ; Off                ;
; Ignore LCELL Buffers                                                       ; Off                ; Off                ;
; Ignore SOFT Buffers                                                        ; On                 ; On                 ;
; Limit AHDL Integers to 32 Bits                                             ; Off                ; Off                ;
; Optimization Technique                                                     ; Balanced           ; Balanced           ;
; Carry Chain Length                                                         ; 70                 ; 70                 ;
; Auto Carry Chains                                                          ; On                 ; On                 ;
; Auto Open-Drain Pins                                                       ; On                 ; On                 ;
; Perform WYSIWYG Primitive Resynthesis                                      ; Off                ; Off                ;
; Auto ROM Replacement                                                       ; On                 ; On                 ;
; Auto RAM Replacement                                                       ; On                 ; On                 ;
; Auto DSP Block Replacement                                                 ; On                 ; On                 ;
; Auto Shift Register Replacement                                            ; Auto               ; Auto               ;
; Allow Shift Register Merging across Hierarchies                            ; Auto               ; Auto               ;
; Auto Clock Enable Replacement                                              ; On                 ; On                 ;
; Strict RAM Replacement                                                     ; Off                ; Off                ;
; Allow Synchronous Control Signals                                          ; On                 ; On                 ;
; Force Use of Synchronous Clear Signals                                     ; Off                ; Off                ;
; Auto RAM Block Balancing                                                   ; On                 ; On                 ;
; Auto RAM to Logic Cell Conversion                                          ; Off                ; Off                ;
; Auto Resource Sharing                                                      ; Off                ; Off                ;
; Allow Any RAM Size For Recognition                                         ; Off                ; Off                ;
; Allow Any ROM Size For Recognition                                         ; Off                ; Off                ;
; Allow Any Shift Register Size For Recognition                              ; Off                ; Off                ;
; Use LogicLock Constraints during Resource Balancing                        ; On                 ; On                 ;
; Ignore translate_off and synthesis_off directives                          ; Off                ; Off                ;
; Timing-Driven Synthesis                                                    ; On                 ; On                 ;
; Report Parameter Settings                                                  ; On                 ; On                 ;
; Report Source Assignments                                                  ; On                 ; On                 ;
; Report Connectivity Checks                                                 ; On                 ; On                 ;
; Ignore Maximum Fan-Out Assignments                                         ; Off                ; Off                ;
; Synchronization Register Chain Length                                      ; 2                  ; 2                  ;
; Power Optimization During Synthesis                                        ; Normal compilation ; Normal compilation ;
; HDL message level                                                          ; Level2             ; Level2             ;
; Suppress Register Optimization Related Messages                            ; Off                ; Off                ;
; Number of Removed Registers Reported in Synthesis Report                   ; 5000               ; 5000               ;
; Number of Swept Nodes Reported in Synthesis Report                         ; 5000               ; 5000               ;
; Number of Inverted Registers Reported in Synthesis Report                  ; 100                ; 100                ;
; Clock MUX Protection                                                       ; On                 ; On                 ;
; Auto Gated Clock Conversion                                                ; Off                ; Off                ;
; Block Design Naming                                                        ; Auto               ; Auto               ;
; SDC constraint protection                                                  ; Off                ; Off                ;
; Synthesis Effort                                                           ; Auto               ; Auto               ;
; Shift Register Replacement - Allow Asynchronous Clear Signal               ; On                 ; On                 ;
; Pre-Mapping Resynthesis Optimization                                       ; Off                ; Off                ;
; Analysis & Synthesis Message Level                                         ; Medium             ; Medium             ;
; Disable Register Merging Across Hierarchies                                ; Auto               ; Auto               ;
; Resource Aware Inference For Block RAM                                     ; On                 ; On                 ;
+----------------------------------------------------------------------------+--------------------+--------------------+


+------------------------------------------+
; Parallel Compilation                     ;
+----------------------------+-------------+
; Processors                 ; Number      ;
+----------------------------+-------------+
; Number detected on machine ; 4           ;
; Maximum allowed            ; 2           ;
;                            ;             ;
; Average used               ; 1.00        ;
; Maximum used               ; 1           ;
;                            ;             ;
; Usage by Processor         ; % Time Used ;
;     Processor 1            ; 100.0%      ;
+----------------------------+-------------+


+------------------------------------------------------------------------------------------------------------------------------------------------------------------------+
; Analysis & Synthesis Source Files Read                                                                                                                                 ;
+----------------------------------+-----------------+------------------------+--------------------------------------------------------------------------------+---------+
; File Name with User-Entered Path ; Used in Netlist ; File Type              ; File Name with Absolute Path                                                   ; Library ;
+----------------------------------+-----------------+------------------------+--------------------------------------------------------------------------------+---------+
; bunki_v2.v                       ; yes             ; User Verilog HDL File  ; C:/Users/admin/Desktop/isle3/simple-team24/processor_third/bunki_v2/bunki_v2.v ;         ;
+----------------------------------+-----------------+------------------------+--------------------------------------------------------------------------------+---------+


+-----------------------------------------------------------+
; Analysis & Synthesis Resource Usage Summary               ;
+---------------------------------------------+-------------+
; Resource                                    ; Usage       ;
+---------------------------------------------+-------------+
; Estimated Total logic elements              ; 253         ;
;                                             ;             ;
; Total combinational functions               ; 253         ;
; Logic element usage by number of LUT inputs ;             ;
;     -- 4 input functions                    ; 212         ;
;     -- 3 input functions                    ; 38          ;
;     -- <=2 input functions                  ; 3           ;
;                                             ;             ;
; Logic elements by mode                      ;             ;
;     -- normal mode                          ; 241         ;
;     -- arithmetic mode                      ; 12          ;
;                                             ;             ;
; Total registers                             ; 0           ;
;     -- Dedicated logic registers            ; 0           ;
;     -- I/O registers                        ; 0           ;
;                                             ;             ;
; I/O pins                                    ; 50          ;
;                                             ;             ;
; Embedded Multiplier 9-bit elements          ; 0           ;
;                                             ;             ;
; Maximum fan-out node                        ; reset~input ;
; Maximum fan-out                             ; 120         ;
; Total fan-out                               ; 1034        ;
; Average fan-out                             ; 2.93        ;
+---------------------------------------------+-------------+


+----------------------------------------------------------------------------------------------------------------------------------------------------------------------------------------------------------+
; Analysis & Synthesis Resource Utilization by Entity                                                                                                                                                      ;
+----------------------------+---------------------+---------------------------+-------------+--------------+---------+-----------+------+--------------+---------------------+-------------+--------------+
; Compilation Hierarchy Node ; Combinational ALUTs ; Dedicated Logic Registers ; Memory Bits ; DSP Elements ; DSP 9x9 ; DSP 18x18 ; Pins ; Virtual Pins ; Full Hierarchy Name ; Entity Name ; Library Name ;
+----------------------------+---------------------+---------------------------+-------------+--------------+---------+-----------+------+--------------+---------------------+-------------+--------------+
; |bunki_v2                  ; 253 (253)           ; 0 (0)                     ; 0           ; 0            ; 0       ; 0         ; 50   ; 0            ; |bunki_v2           ; bunki_v2    ; work         ;
+----------------------------+---------------------+---------------------------+-------------+--------------+---------+-----------+------+--------------+---------------------+-------------+--------------+
Note: For table entries with two numbers listed, the numbers in parentheses indicate the number of resources of the given type used by the specific entity alone. The numbers listed outside of parentheses indicate the total resources of the given type used by the specific entity and all of its sub-entities in the hierarchy.


+-----------------------------------------------------------------------------------------------------+
; User-Specified and Inferred Latches                                                                 ;
+------------------------------------------------------+---------------------+------------------------+
; Latch Name                                           ; Latch Enable Signal ; Free of Timing Hazards ;
+------------------------------------------------------+---------------------+------------------------+
; prefile[10][1]                                       ; Decoder0            ; yes                    ;
; prefile[9][1]                                        ; Decoder0            ; yes                    ;
; prefile[8][1]                                        ; Decoder0            ; yes                    ;
; prefile[11][1]                                       ; Decoder0            ; yes                    ;
; prefile[5][1]                                        ; Decoder0            ; yes                    ;
; prefile[6][1]                                        ; Decoder0            ; yes                    ;
; prefile[4][1]                                        ; Decoder0            ; yes                    ;
; prefile[7][1]                                        ; Decoder0            ; yes                    ;
; prefile[2][1]                                        ; Decoder0            ; yes                    ;
; prefile[1][1]                                        ; Decoder0            ; yes                    ;
; prefile[0][1]                                        ; Decoder0            ; yes                    ;
; prefile[3][1]                                        ; Decoder0            ; yes                    ;
; prefile[13][1]                                       ; Decoder0            ; yes                    ;
; prefile[14][1]                                       ; Decoder0            ; yes                    ;
; prefile[12][1]                                       ; Decoder0            ; yes                    ;
; prefile[15][1]                                       ; Decoder0            ; yes                    ;
; IEinst[13]                                           ; enable              ; yes                    ;
; IEinst[11]                                           ; enable              ; yes                    ;
; zeroflag                                             ; enable              ; yes                    ;
; overflow                                             ; enable              ; yes                    ;
; minusflag                                            ; enable              ; yes                    ;
; IEinst[12]                                           ; enable              ; yes                    ;
; IDinst[10]                                           ; enable              ; yes                    ;
; IDoneortwo                                           ; enable              ; yes                    ;
; IDstatus[1]                                          ; enable              ; yes                    ;
; IDstatus[0]                                          ; enable              ; yes                    ;
; IDinst[9]                                            ; enable              ; yes                    ;
; IDinst[8]                                            ; enable              ; yes                    ;
; IEoneortwo                                           ; enable              ; yes                    ;
; IEstatus[1]                                          ; enable              ; yes                    ;
; IEstatus[0]                                          ; enable              ; yes                    ;
; IEinst[0]                                            ; enable              ; yes                    ;
; IDinst[0]                                            ; enable              ; yes                    ;
; IEpc[0]                                              ; enable              ; yes                    ;
; IDpc[0]                                              ; enable              ; yes                    ;
; comp                                                 ; enable              ; yes                    ;
; IEinst[1]                                            ; enable              ; yes                    ;
; IDinst[1]                                            ; enable              ; yes                    ;
; IEpc[1]                                              ; enable              ; yes                    ;
; IDpc[1]                                              ; enable              ; yes                    ;
; IEinst[2]                                            ; enable              ; yes                    ;
; IDinst[2]                                            ; enable              ; yes                    ;
; IEpc[2]                                              ; enable              ; yes                    ;
; IDpc[2]                                              ; enable              ; yes                    ;
; IEinst[3]                                            ; enable              ; yes                    ;
; IDinst[3]                                            ; enable              ; yes                    ;
; IEpc[3]                                              ; enable              ; yes                    ;
; IDpc[3]                                              ; enable              ; yes                    ;
; IEinst[4]                                            ; enable              ; yes                    ;
; IDinst[4]                                            ; enable              ; yes                    ;
; IEpc[4]                                              ; enable              ; yes                    ;
; IDpc[4]                                              ; enable              ; yes                    ;
; IEinst[5]                                            ; enable              ; yes                    ;
; IDinst[5]                                            ; enable              ; yes                    ;
; IEpc[5]                                              ; enable              ; yes                    ;
; IDpc[5]                                              ; enable              ; yes                    ;
; IEinst[6]                                            ; enable              ; yes                    ;
; IDinst[6]                                            ; enable              ; yes                    ;
; IEpc[6]                                              ; enable              ; yes                    ;
; IDpc[6]                                              ; enable              ; yes                    ;
; IEinst[7]                                            ; enable              ; yes                    ;
; IDinst[7]                                            ; enable              ; yes                    ;
; IEpc[7]                                              ; enable              ; yes                    ;
; IDpc[7]                                              ; enable              ; yes                    ;
; IEpc[8]                                              ; enable              ; yes                    ;
; IDpc[8]                                              ; enable              ; yes                    ;
; IEpc[9]                                              ; enable              ; yes                    ;
; IDpc[9]                                              ; enable              ; yes                    ;
; IEpc[10]                                             ; enable              ; yes                    ;
; IDpc[10]                                             ; enable              ; yes                    ;
; IEpc[11]                                             ; enable              ; yes                    ;
; IDpc[11]                                             ; enable              ; yes                    ;
; prefile[12][0]                                       ; Decoder0            ; yes                    ;
; prefile[10][0]                                       ; Decoder0            ; yes                    ;
; prefile[8][0]                                        ; Decoder0            ; yes                    ;
; prefile[14][0]                                       ; Decoder0            ; yes                    ;
; prefile[5][0]                                        ; Decoder0            ; yes                    ;
; prefile[3][0]                                        ; Decoder0            ; yes                    ;
; prefile[1][0]                                        ; Decoder0            ; yes                    ;
; prefile[7][0]                                        ; Decoder0            ; yes                    ;
; prefile[4][0]                                        ; Decoder0            ; yes                    ;
; prefile[2][0]                                        ; Decoder0            ; yes                    ;
; prefile[0][0]                                        ; Decoder0            ; yes                    ;
; prefile[6][0]                                        ; Decoder0            ; yes                    ;
; prefile[13][0]                                       ; Decoder0            ; yes                    ;
; prefile[11][0]                                       ; Decoder0            ; yes                    ;
; prefile[9][0]                                        ; Decoder0            ; yes                    ;
; prefile[15][0]                                       ; Decoder0            ; yes                    ;
; IDinst[13]                                           ; enable              ; yes                    ;
; IDinst[11]                                           ; enable              ; yes                    ;
; IDinst[12]                                           ; enable              ; yes                    ;
; IFinst[10]                                           ; enable              ; yes                    ;
; IFoneortwo                                           ; enable              ; yes                    ;
; IFstatus[1]                                          ; enable              ; yes                    ;
; IFstatus[0]                                          ; enable              ; yes                    ;
; IFinst[9]                                            ; enable              ; yes                    ;
; IFinst[8]                                            ; enable              ; yes                    ;
; IFinst[0]                                            ; enable              ; yes                    ;
; IFpc[0]                                              ; enable              ; yes                    ;
; IFinst[1]                                            ; enable              ; yes                    ;
; Number of user-specified and inferred latches = 120  ;                     ;                        ;
+------------------------------------------------------+---------------------+------------------------+
Table restricted to first 100 entries. Note: All latches listed above may not be present at the end of synthesis due to various synthesis optimizations.


+------------------------------------------------------+
; General Register Statistics                          ;
+----------------------------------------------+-------+
; Statistic                                    ; Value ;
+----------------------------------------------+-------+
; Total registers                              ; 0     ;
; Number of registers using Synchronous Clear  ; 0     ;
; Number of registers using Synchronous Load   ; 0     ;
; Number of registers using Asynchronous Clear ; 0     ;
; Number of registers using Asynchronous Load  ; 0     ;
; Number of registers using Clock Enable       ; 0     ;
; Number of registers using Preset             ; 0     ;
+----------------------------------------------+-------+


+------------------------------------------------------------------------------------------------------------------------------------------+
; Multiplexer Restructuring Statistics (Restructuring Performed)                                                                           ;
+--------------------+-----------+---------------+----------------------+------------------------+------------+----------------------------+
; Multiplexer Inputs ; Bus Width ; Baseline Area ; Area if Restructured ; Saving if Restructured ; Registered ; Example Multiplexer Output ;
+--------------------+-----------+---------------+----------------------+------------------------+------------+----------------------------+
; 3:1                ; 4 bits    ; 8 LEs         ; 4 LEs                ; 4 LEs                  ; No         ; |bunki_v2|Add0             ;
; 4:1                ; 8 bits    ; 16 LEs        ; 16 LEs               ; 0 LEs                  ; No         ; |bunki_v2|Add0             ;
; 16:1               ; 2 bits    ; 20 LEs        ; 20 LEs               ; 0 LEs                  ; No         ; |bunki_v2|Mux3             ;
; 16:1               ; 2 bits    ; 20 LEs        ; 20 LEs               ; 0 LEs                  ; No         ; |bunki_v2|Mux1             ;
; 5:1                ; 8 bits    ; 24 LEs        ; 24 LEs               ; 0 LEs                  ; No         ; |bunki_v2|Add0             ;
+--------------------+-----------+---------------+----------------------+------------------------+------------+----------------------------+


+-----------------------------------------------------+
; Post-Synthesis Netlist Statistics for Top Partition ;
+-----------------------+-----------------------------+
; Type                  ; Count                       ;
+-----------------------+-----------------------------+
; boundary_port         ; 50                          ;
; cycloneiii_lcell_comb ; 254                         ;
;     arith             ; 12                          ;
;         2 data inputs ; 1                           ;
;         3 data inputs ; 11                          ;
;     normal            ; 242                         ;
;         1 data inputs ; 1                           ;
;         2 data inputs ; 2                           ;
;         3 data inputs ; 27                          ;
;         4 data inputs ; 212                         ;
;                       ;                             ;
; Max LUT depth         ; 9.10                        ;
; Average LUT depth     ; 3.99                        ;
+-----------------------+-----------------------------+


+-------------------------------+
; Elapsed Time Per Partition    ;
+----------------+--------------+
; Partition Name ; Elapsed Time ;
+----------------+--------------+
; Top            ; 00:00:02     ;
+----------------+--------------+


+-------------------------------+
; Analysis & Synthesis Messages ;
+-------------------------------+
Info: *******************************************************************
Info: Running Quartus Prime Analysis & Synthesis
    Info: Version 17.1.0 Build 590 10/25/2017 SJ Lite Edition
    Info: Processing started: Fri May 21 17:17:03 2021
Info: Command: quartus_map --read_settings_files=on --write_settings_files=off bunki_v2 -c bunki_v2
Warning (18236): Number of processors has not been specified which may cause overloading on shared machines.  Set the global assignment NUM_PARALLEL_PROCESSORS in your QSF to an appropriate value for best performance.
Info (20030): Parallel compilation is enabled and will use 2 of the 2 processors detected
Info (12021): Found 1 design units, including 1 entities, in source file bunki_v2.v
    Info (12023): Found entity 1: bunki_v2 File: C:/Users/admin/Desktop/isle3/simple-team24/processor_third/bunki_v2/bunki_v2.v Line: 1
Info (12127): Elaborating entity "bunki_v2" for the top level hierarchy
Warning (10235): Verilog HDL Always Construct warning at bunki_v2.v(103): variable "reset" is read inside the Always Construct but isn't in the Always Construct's Event Control File: C:/Users/admin/Desktop/isle3/simple-team24/processor_third/bunki_v2/bunki_v2.v Line: 103
Warning (10235): Verilog HDL Always Construct warning at bunki_v2.v(131): variable "enable" is read inside the Always Construct but isn't in the Always Construct's Event Control File: C:/Users/admin/Desktop/isle3/simple-team24/processor_third/bunki_v2/bunki_v2.v Line: 131
Warning (10235): Verilog HDL Always Construct warning at bunki_v2.v(132): variable "topred" is read inside the Always Construct but isn't in the Always Construct's Event Control File: C:/Users/admin/Desktop/isle3/simple-team24/processor_third/bunki_v2/bunki_v2.v Line: 132
Warning (10235): Verilog HDL Always Construct warning at bunki_v2.v(132): variable "hzpc" is read inside the Always Construct but isn't in the Always Construct's Event Control File: C:/Users/admin/Desktop/isle3/simple-team24/processor_third/bunki_v2/bunki_v2.v Line: 132
Warning (10235): Verilog HDL Always Construct warning at bunki_v2.v(133): variable "iscomp" is read inside the Always Construct but isn't in the Always Construct's Event Control File: C:/Users/admin/Desktop/isle3/simple-team24/processor_third/bunki_v2/bunki_v2.v Line: 133
Warning (10235): Verilog HDL Always Construct warning at bunki_v2.v(134): variable "status" is read inside the Always Construct but isn't in the Always Construct's Event Control File: C:/Users/admin/Desktop/isle3/simple-team24/processor_third/bunki_v2/bunki_v2.v Line: 134
Warning (10235): Verilog HDL Always Construct warning at bunki_v2.v(135): variable "oneortwo" is read inside the Always Construct but isn't in the Always Construct's Event Control File: C:/Users/admin/Desktop/isle3/simple-team24/processor_third/bunki_v2/bunki_v2.v Line: 135
Warning (10235): Verilog HDL Always Construct warning at bunki_v2.v(136): variable "toIDstatus" is read inside the Always Construct but isn't in the Always Construct's Event Control File: C:/Users/admin/Desktop/isle3/simple-team24/processor_third/bunki_v2/bunki_v2.v Line: 136
Warning (10235): Verilog HDL Always Construct warning at bunki_v2.v(137): variable "toIDoneortwo" is read inside the Always Construct but isn't in the Always Construct's Event Control File: C:/Users/admin/Desktop/isle3/simple-team24/processor_third/bunki_v2/bunki_v2.v Line: 137
Warning (10235): Verilog HDL Always Construct warning at bunki_v2.v(138): variable "inst" is read inside the Always Construct but isn't in the Always Construct's Event Control File: C:/Users/admin/Desktop/isle3/simple-team24/processor_third/bunki_v2/bunki_v2.v Line: 138
Warning (10235): Verilog HDL Always Construct warning at bunki_v2.v(139): variable "IFinst" is read inside the Always Construct but isn't in the Always Construct's Event Control File: C:/Users/admin/Desktop/isle3/simple-team24/processor_third/bunki_v2/bunki_v2.v Line: 139
Warning (10235): Verilog HDL Always Construct warning at bunki_v2.v(140): variable "IDinst" is read inside the Always Construct but isn't in the Always Construct's Event Control File: C:/Users/admin/Desktop/isle3/simple-team24/processor_third/bunki_v2/bunki_v2.v Line: 140
Warning (10235): Verilog HDL Always Construct warning at bunki_v2.v(141): variable "pc" is read inside the Always Construct but isn't in the Always Construct's Event Control File: C:/Users/admin/Desktop/isle3/simple-team24/processor_third/bunki_v2/bunki_v2.v Line: 141
Warning (10235): Verilog HDL Always Construct warning at bunki_v2.v(142): variable "IFpc" is read inside the Always Construct but isn't in the Always Construct's Event Control File: C:/Users/admin/Desktop/isle3/simple-team24/processor_third/bunki_v2/bunki_v2.v Line: 142
Warning (10235): Verilog HDL Always Construct warning at bunki_v2.v(143): variable "IDpc" is read inside the Always Construct but isn't in the Always Construct's Event Control File: C:/Users/admin/Desktop/isle3/simple-team24/processor_third/bunki_v2/bunki_v2.v Line: 143
Warning (10235): Verilog HDL Always Construct warning at bunki_v2.v(144): variable "inzeroflag" is read inside the Always Construct but isn't in the Always Construct's Event Control File: C:/Users/admin/Desktop/isle3/simple-team24/processor_third/bunki_v2/bunki_v2.v Line: 144
Warning (10235): Verilog HDL Always Construct warning at bunki_v2.v(145): variable "inoverflow" is read inside the Always Construct but isn't in the Always Construct's Event Control File: C:/Users/admin/Desktop/isle3/simple-team24/processor_third/bunki_v2/bunki_v2.v Line: 145
Warning (10235): Verilog HDL Always Construct warning at bunki_v2.v(146): variable "inminusflag" is read inside the Always Construct but isn't in the Always Construct's Event Control File: C:/Users/admin/Desktop/isle3/simple-team24/processor_third/bunki_v2/bunki_v2.v Line: 146
Warning (10235): Verilog HDL Always Construct warning at bunki_v2.v(148): variable "IDstatus" is read inside the Always Construct but isn't in the Always Construct's Event Control File: C:/Users/admin/Desktop/isle3/simple-team24/processor_third/bunki_v2/bunki_v2.v Line: 148
Warning (10235): Verilog HDL Always Construct warning at bunki_v2.v(149): variable "IDoneortwo" is read inside the Always Construct but isn't in the Always Construct's Event Control File: C:/Users/admin/Desktop/isle3/simple-team24/processor_third/bunki_v2/bunki_v2.v Line: 149
Warning (10240): Verilog HDL Always Construct warning at bunki_v2.v(102): inferring latch(es) for variable "i", which holds its previous value in one or more paths through the always construct File: C:/Users/admin/Desktop/isle3/simple-team24/processor_third/bunki_v2/bunki_v2.v Line: 102
Warning (10240): Verilog HDL Always Construct warning at bunki_v2.v(102): inferring latch(es) for variable "zeroflag", which holds its previous value in one or more paths through the always construct File: C:/Users/admin/Desktop/isle3/simple-team24/processor_third/bunki_v2/bunki_v2.v Line: 102
Warning (10240): Verilog HDL Always Construct warning at bunki_v2.v(102): inferring latch(es) for variable "overflow", which holds its previous value in one or more paths through the always construct File: C:/Users/admin/Desktop/isle3/simple-team24/processor_third/bunki_v2/bunki_v2.v Line: 102
Warning (10240): Verilog HDL Always Construct warning at bunki_v2.v(102): inferring latch(es) for variable "minusflag", which holds its previous value in one or more paths through the always construct File: C:/Users/admin/Desktop/isle3/simple-team24/processor_third/bunki_v2/bunki_v2.v Line: 102
Warning (10240): Verilog HDL Always Construct warning at bunki_v2.v(102): inferring latch(es) for variable "comp", which holds its previous value in one or more paths through the always construct File: C:/Users/admin/Desktop/isle3/simple-team24/processor_third/bunki_v2/bunki_v2.v Line: 102
Warning (10240): Verilog HDL Always Construct warning at bunki_v2.v(102): inferring latch(es) for variable "IFstatus", which holds its previous value in one or more paths through the always construct File: C:/Users/admin/Desktop/isle3/simple-team24/processor_third/bunki_v2/bunki_v2.v Line: 102
Warning (10240): Verilog HDL Always Construct warning at bunki_v2.v(102): inferring latch(es) for variable "IFoneortwo", which holds its previous value in one or more paths through the always construct File: C:/Users/admin/Desktop/isle3/simple-team24/processor_third/bunki_v2/bunki_v2.v Line: 102
Warning (10240): Verilog HDL Always Construct warning at bunki_v2.v(102): inferring latch(es) for variable "IDstatus", which holds its previous value in one or more paths through the always construct File: C:/Users/admin/Desktop/isle3/simple-team24/processor_third/bunki_v2/bunki_v2.v Line: 102
Warning (10240): Verilog HDL Always Construct warning at bunki_v2.v(102): inferring latch(es) for variable "IDoneortwo", which holds its previous value in one or more paths through the always construct File: C:/Users/admin/Desktop/isle3/simple-team24/processor_third/bunki_v2/bunki_v2.v Line: 102
Warning (10240): Verilog HDL Always Construct warning at bunki_v2.v(102): inferring latch(es) for variable "IEstatus", which holds its previous value in one or more paths through the always construct File: C:/Users/admin/Desktop/isle3/simple-team24/processor_third/bunki_v2/bunki_v2.v Line: 102
Warning (10240): Verilog HDL Always Construct warning at bunki_v2.v(102): inferring latch(es) for variable "IEoneortwo", which holds its previous value in one or more paths through the always construct File: C:/Users/admin/Desktop/isle3/simple-team24/processor_third/bunki_v2/bunki_v2.v Line: 102
Warning (10240): Verilog HDL Always Construct warning at bunki_v2.v(102): inferring latch(es) for variable "IFinst", which holds its previous value in one or more paths through the always construct File: C:/Users/admin/Desktop/isle3/simple-team24/processor_third/bunki_v2/bunki_v2.v Line: 102
Warning (10240): Verilog HDL Always Construct warning at bunki_v2.v(102): inferring latch(es) for variable "IDinst", which holds its previous value in one or more paths through the always construct File: C:/Users/admin/Desktop/isle3/simple-team24/processor_third/bunki_v2/bunki_v2.v Line: 102
Warning (10240): Verilog HDL Always Construct warning at bunki_v2.v(102): inferring latch(es) for variable "IEinst", which holds its previous value in one or more paths through the always construct File: C:/Users/admin/Desktop/isle3/simple-team24/processor_third/bunki_v2/bunki_v2.v Line: 102
Warning (10240): Verilog HDL Always Construct warning at bunki_v2.v(102): inferring latch(es) for variable "IFpc", which holds its previous value in one or more paths through the always construct File: C:/Users/admin/Desktop/isle3/simple-team24/processor_third/bunki_v2/bunki_v2.v Line: 102
Warning (10240): Verilog HDL Always Construct warning at bunki_v2.v(102): inferring latch(es) for variable "IDpc", which holds its previous value in one or more paths through the always construct File: C:/Users/admin/Desktop/isle3/simple-team24/processor_third/bunki_v2/bunki_v2.v Line: 102
Warning (10240): Verilog HDL Always Construct warning at bunki_v2.v(102): inferring latch(es) for variable "IEpc", which holds its previous value in one or more paths through the always construct File: C:/Users/admin/Desktop/isle3/simple-team24/processor_third/bunki_v2/bunki_v2.v Line: 102
Info (10041): Inferred latch for "IEpc[0]" at bunki_v2.v(102) File: C:/Users/admin/Desktop/isle3/simple-team24/processor_third/bunki_v2/bunki_v2.v Line: 102
Info (10041): Inferred latch for "IEpc[1]" at bunki_v2.v(102) File: C:/Users/admin/Desktop/isle3/simple-team24/processor_third/bunki_v2/bunki_v2.v Line: 102
Info (10041): Inferred latch for "IEpc[2]" at bunki_v2.v(102) File: C:/Users/admin/Desktop/isle3/simple-team24/processor_third/bunki_v2/bunki_v2.v Line: 102
Info (10041): Inferred latch for "IEpc[3]" at bunki_v2.v(102) File: C:/Users/admin/Desktop/isle3/simple-team24/processor_third/bunki_v2/bunki_v2.v Line: 102
Info (10041): Inferred latch for "IEpc[4]" at bunki_v2.v(102) File: C:/Users/admin/Desktop/isle3/simple-team24/processor_third/bunki_v2/bunki_v2.v Line: 102
Info (10041): Inferred latch for "IEpc[5]" at bunki_v2.v(102) File: C:/Users/admin/Desktop/isle3/simple-team24/processor_third/bunki_v2/bunki_v2.v Line: 102
Info (10041): Inferred latch for "IEpc[6]" at bunki_v2.v(102) File: C:/Users/admin/Desktop/isle3/simple-team24/processor_third/bunki_v2/bunki_v2.v Line: 102
Info (10041): Inferred latch for "IEpc[7]" at bunki_v2.v(102) File: C:/Users/admin/Desktop/isle3/simple-team24/processor_third/bunki_v2/bunki_v2.v Line: 102
Info (10041): Inferred latch for "IEpc[8]" at bunki_v2.v(102) File: C:/Users/admin/Desktop/isle3/simple-team24/processor_third/bunki_v2/bunki_v2.v Line: 102
Info (10041): Inferred latch for "IEpc[9]" at bunki_v2.v(102) File: C:/Users/admin/Desktop/isle3/simple-team24/processor_third/bunki_v2/bunki_v2.v Line: 102
Info (10041): Inferred latch for "IEpc[10]" at bunki_v2.v(102) File: C:/Users/admin/Desktop/isle3/simple-team24/processor_third/bunki_v2/bunki_v2.v Line: 102
Info (10041): Inferred latch for "IEpc[11]" at bunki_v2.v(102) File: C:/Users/admin/Desktop/isle3/simple-team24/processor_third/bunki_v2/bunki_v2.v Line: 102
Info (10041): Inferred latch for "IDpc[0]" at bunki_v2.v(102) File: C:/Users/admin/Desktop/isle3/simple-team24/processor_third/bunki_v2/bunki_v2.v Line: 102
Info (10041): Inferred latch for "IDpc[1]" at bunki_v2.v(102) File: C:/Users/admin/Desktop/isle3/simple-team24/processor_third/bunki_v2/bunki_v2.v Line: 102
Info (10041): Inferred latch for "IDpc[2]" at bunki_v2.v(102) File: C:/Users/admin/Desktop/isle3/simple-team24/processor_third/bunki_v2/bunki_v2.v Line: 102
Info (10041): Inferred latch for "IDpc[3]" at bunki_v2.v(102) File: C:/Users/admin/Desktop/isle3/simple-team24/processor_third/bunki_v2/bunki_v2.v Line: 102
Info (10041): Inferred latch for "IDpc[4]" at bunki_v2.v(102) File: C:/Users/admin/Desktop/isle3/simple-team24/processor_third/bunki_v2/bunki_v2.v Line: 102
Info (10041): Inferred latch for "IDpc[5]" at bunki_v2.v(102) File: C:/Users/admin/Desktop/isle3/simple-team24/processor_third/bunki_v2/bunki_v2.v Line: 102
Info (10041): Inferred latch for "IDpc[6]" at bunki_v2.v(102) File: C:/Users/admin/Desktop/isle3/simple-team24/processor_third/bunki_v2/bunki_v2.v Line: 102
Info (10041): Inferred latch for "IDpc[7]" at bunki_v2.v(102) File: C:/Users/admin/Desktop/isle3/simple-team24/processor_third/bunki_v2/bunki_v2.v Line: 102
Info (10041): Inferred latch for "IDpc[8]" at bunki_v2.v(102) File: C:/Users/admin/Desktop/isle3/simple-team24/processor_third/bunki_v2/bunki_v2.v Line: 102
Info (10041): Inferred latch for "IDpc[9]" at bunki_v2.v(102) File: C:/Users/admin/Desktop/isle3/simple-team24/processor_third/bunki_v2/bunki_v2.v Line: 102
Info (10041): Inferred latch for "IDpc[10]" at bunki_v2.v(102) File: C:/Users/admin/Desktop/isle3/simple-team24/processor_third/bunki_v2/bunki_v2.v Line: 102
Info (10041): Inferred latch for "IDpc[11]" at bunki_v2.v(102) File: C:/Users/admin/Desktop/isle3/simple-team24/processor_third/bunki_v2/bunki_v2.v Line: 102
Info (10041): Inferred latch for "IFpc[0]" at bunki_v2.v(102) File: C:/Users/admin/Desktop/isle3/simple-team24/processor_third/bunki_v2/bunki_v2.v Line: 102
Info (10041): Inferred latch for "IFpc[1]" at bunki_v2.v(102) File: C:/Users/admin/Desktop/isle3/simple-team24/processor_third/bunki_v2/bunki_v2.v Line: 102
Info (10041): Inferred latch for "IFpc[2]" at bunki_v2.v(102) File: C:/Users/admin/Desktop/isle3/simple-team24/processor_third/bunki_v2/bunki_v2.v Line: 102
Info (10041): Inferred latch for "IFpc[3]" at bunki_v2.v(102) File: C:/Users/admin/Desktop/isle3/simple-team24/processor_third/bunki_v2/bunki_v2.v Line: 102
Info (10041): Inferred latch for "IFpc[4]" at bunki_v2.v(102) File: C:/Users/admin/Desktop/isle3/simple-team24/processor_third/bunki_v2/bunki_v2.v Line: 102
Info (10041): Inferred latch for "IFpc[5]" at bunki_v2.v(102) File: C:/Users/admin/Desktop/isle3/simple-team24/processor_third/bunki_v2/bunki_v2.v Line: 102
Info (10041): Inferred latch for "IFpc[6]" at bunki_v2.v(102) File: C:/Users/admin/Desktop/isle3/simple-team24/processor_third/bunki_v2/bunki_v2.v Line: 102
Info (10041): Inferred latch for "IFpc[7]" at bunki_v2.v(102) File: C:/Users/admin/Desktop/isle3/simple-team24/processor_third/bunki_v2/bunki_v2.v Line: 102
Info (10041): Inferred latch for "IFpc[8]" at bunki_v2.v(102) File: C:/Users/admin/Desktop/isle3/simple-team24/processor_third/bunki_v2/bunki_v2.v Line: 102
Info (10041): Inferred latch for "IFpc[9]" at bunki_v2.v(102) File: C:/Users/admin/Desktop/isle3/simple-team24/processor_third/bunki_v2/bunki_v2.v Line: 102
Info (10041): Inferred latch for "IFpc[10]" at bunki_v2.v(102) File: C:/Users/admin/Desktop/isle3/simple-team24/processor_third/bunki_v2/bunki_v2.v Line: 102
Info (10041): Inferred latch for "IFpc[11]" at bunki_v2.v(102) File: C:/Users/admin/Desktop/isle3/simple-team24/processor_third/bunki_v2/bunki_v2.v Line: 102
Info (10041): Inferred latch for "IEinst[0]" at bunki_v2.v(102) File: C:/Users/admin/Desktop/isle3/simple-team24/processor_third/bunki_v2/bunki_v2.v Line: 102
Info (10041): Inferred latch for "IEinst[1]" at bunki_v2.v(102) File: C:/Users/admin/Desktop/isle3/simple-team24/processor_third/bunki_v2/bunki_v2.v Line: 102
Info (10041): Inferred latch for "IEinst[2]" at bunki_v2.v(102) File: C:/Users/admin/Desktop/isle3/simple-team24/processor_third/bunki_v2/bunki_v2.v Line: 102
Info (10041): Inferred latch for "IEinst[3]" at bunki_v2.v(102) File: C:/Users/admin/Desktop/isle3/simple-team24/processor_third/bunki_v2/bunki_v2.v Line: 102
Info (10041): Inferred latch for "IEinst[4]" at bunki_v2.v(102) File: C:/Users/admin/Desktop/isle3/simple-team24/processor_third/bunki_v2/bunki_v2.v Line: 102
Info (10041): Inferred latch for "IEinst[5]" at bunki_v2.v(102) File: C:/Users/admin/Desktop/isle3/simple-team24/processor_third/bunki_v2/bunki_v2.v Line: 102
Info (10041): Inferred latch for "IEinst[6]" at bunki_v2.v(102) File: C:/Users/admin/Desktop/isle3/simple-team24/processor_third/bunki_v2/bunki_v2.v Line: 102
Info (10041): Inferred latch for "IEinst[7]" at bunki_v2.v(102) File: C:/Users/admin/Desktop/isle3/simple-team24/processor_third/bunki_v2/bunki_v2.v Line: 102
Info (10041): Inferred latch for "IEinst[11]" at bunki_v2.v(102) File: C:/Users/admin/Desktop/isle3/simple-team24/processor_third/bunki_v2/bunki_v2.v Line: 102
Info (10041): Inferred latch for "IEinst[12]" at bunki_v2.v(102) File: C:/Users/admin/Desktop/isle3/simple-team24/processor_third/bunki_v2/bunki_v2.v Line: 102
Info (10041): Inferred latch for "IEinst[13]" at bunki_v2.v(102) File: C:/Users/admin/Desktop/isle3/simple-team24/processor_third/bunki_v2/bunki_v2.v Line: 102
Info (10041): Inferred latch for "IDinst[0]" at bunki_v2.v(102) File: C:/Users/admin/Desktop/isle3/simple-team24/processor_third/bunki_v2/bunki_v2.v Line: 102
Info (10041): Inferred latch for "IDinst[1]" at bunki_v2.v(102) File: C:/Users/admin/Desktop/isle3/simple-team24/processor_third/bunki_v2/bunki_v2.v Line: 102
Info (10041): Inferred latch for "IDinst[2]" at bunki_v2.v(102) File: C:/Users/admin/Desktop/isle3/simple-team24/processor_third/bunki_v2/bunki_v2.v Line: 102
Info (10041): Inferred latch for "IDinst[3]" at bunki_v2.v(102) File: C:/Users/admin/Desktop/isle3/simple-team24/processor_third/bunki_v2/bunki_v2.v Line: 102
Info (10041): Inferred latch for "IDinst[4]" at bunki_v2.v(102) File: C:/Users/admin/Desktop/isle3/simple-team24/processor_third/bunki_v2/bunki_v2.v Line: 102
Info (10041): Inferred latch for "IDinst[5]" at bunki_v2.v(102) File: C:/Users/admin/Desktop/isle3/simple-team24/processor_third/bunki_v2/bunki_v2.v Line: 102
Info (10041): Inferred latch for "IDinst[6]" at bunki_v2.v(102) File: C:/Users/admin/Desktop/isle3/simple-team24/processor_third/bunki_v2/bunki_v2.v Line: 102
Info (10041): Inferred latch for "IDinst[7]" at bunki_v2.v(102) File: C:/Users/admin/Desktop/isle3/simple-team24/processor_third/bunki_v2/bunki_v2.v Line: 102
Info (10041): Inferred latch for "IDinst[8]" at bunki_v2.v(102) File: C:/Users/admin/Desktop/isle3/simple-team24/processor_third/bunki_v2/bunki_v2.v Line: 102
Info (10041): Inferred latch for "IDinst[9]" at bunki_v2.v(102) File: C:/Users/admin/Desktop/isle3/simple-team24/processor_third/bunki_v2/bunki_v2.v Line: 102
Info (10041): Inferred latch for "IDinst[10]" at bunki_v2.v(102) File: C:/Users/admin/Desktop/isle3/simple-team24/processor_third/bunki_v2/bunki_v2.v Line: 102
Info (10041): Inferred latch for "IDinst[11]" at bunki_v2.v(102) File: C:/Users/admin/Desktop/isle3/simple-team24/processor_third/bunki_v2/bunki_v2.v Line: 102
Info (10041): Inferred latch for "IDinst[12]" at bunki_v2.v(102) File: C:/Users/admin/Desktop/isle3/simple-team24/processor_third/bunki_v2/bunki_v2.v Line: 102
Info (10041): Inferred latch for "IDinst[13]" at bunki_v2.v(102) File: C:/Users/admin/Desktop/isle3/simple-team24/processor_third/bunki_v2/bunki_v2.v Line: 102
Info (10041): Inferred latch for "IFinst[0]" at bunki_v2.v(102) File: C:/Users/admin/Desktop/isle3/simple-team24/processor_third/bunki_v2/bunki_v2.v Line: 102
Info (10041): Inferred latch for "IFinst[1]" at bunki_v2.v(102) File: C:/Users/admin/Desktop/isle3/simple-team24/processor_third/bunki_v2/bunki_v2.v Line: 102
Info (10041): Inferred latch for "IFinst[2]" at bunki_v2.v(102) File: C:/Users/admin/Desktop/isle3/simple-team24/processor_third/bunki_v2/bunki_v2.v Line: 102
Info (10041): Inferred latch for "IFinst[3]" at bunki_v2.v(102) File: C:/Users/admin/Desktop/isle3/simple-team24/processor_third/bunki_v2/bunki_v2.v Line: 102
Info (10041): Inferred latch for "IFinst[4]" at bunki_v2.v(102) File: C:/Users/admin/Desktop/isle3/simple-team24/processor_third/bunki_v2/bunki_v2.v Line: 102
Info (10041): Inferred latch for "IFinst[5]" at bunki_v2.v(102) File: C:/Users/admin/Desktop/isle3/simple-team24/processor_third/bunki_v2/bunki_v2.v Line: 102
Info (10041): Inferred latch for "IFinst[6]" at bunki_v2.v(102) File: C:/Users/admin/Desktop/isle3/simple-team24/processor_third/bunki_v2/bunki_v2.v Line: 102
Info (10041): Inferred latch for "IFinst[7]" at bunki_v2.v(102) File: C:/Users/admin/Desktop/isle3/simple-team24/processor_third/bunki_v2/bunki_v2.v Line: 102
Info (10041): Inferred latch for "IFinst[8]" at bunki_v2.v(102) File: C:/Users/admin/Desktop/isle3/simple-team24/processor_third/bunki_v2/bunki_v2.v Line: 102
Info (10041): Inferred latch for "IFinst[9]" at bunki_v2.v(102) File: C:/Users/admin/Desktop/isle3/simple-team24/processor_third/bunki_v2/bunki_v2.v Line: 102
Info (10041): Inferred latch for "IFinst[10]" at bunki_v2.v(102) File: C:/Users/admin/Desktop/isle3/simple-team24/processor_third/bunki_v2/bunki_v2.v Line: 102
Info (10041): Inferred latch for "IFinst[11]" at bunki_v2.v(102) File: C:/Users/admin/Desktop/isle3/simple-team24/processor_third/bunki_v2/bunki_v2.v Line: 102
Info (10041): Inferred latch for "IFinst[12]" at bunki_v2.v(102) File: C:/Users/admin/Desktop/isle3/simple-team24/processor_third/bunki_v2/bunki_v2.v Line: 102
Info (10041): Inferred latch for "IFinst[13]" at bunki_v2.v(102) File: C:/Users/admin/Desktop/isle3/simple-team24/processor_third/bunki_v2/bunki_v2.v Line: 102
Info (10041): Inferred latch for "IEoneortwo" at bunki_v2.v(102) File: C:/Users/admin/Desktop/isle3/simple-team24/processor_third/bunki_v2/bunki_v2.v Line: 102
Info (10041): Inferred latch for "IEstatus[0]" at bunki_v2.v(102) File: C:/Users/admin/Desktop/isle3/simple-team24/processor_third/bunki_v2/bunki_v2.v Line: 102
Info (10041): Inferred latch for "IEstatus[1]" at bunki_v2.v(102) File: C:/Users/admin/Desktop/isle3/simple-team24/processor_third/bunki_v2/bunki_v2.v Line: 102
Info (10041): Inferred latch for "IDoneortwo" at bunki_v2.v(102) File: C:/Users/admin/Desktop/isle3/simple-team24/processor_third/bunki_v2/bunki_v2.v Line: 102
Info (10041): Inferred latch for "IDstatus[0]" at bunki_v2.v(102) File: C:/Users/admin/Desktop/isle3/simple-team24/processor_third/bunki_v2/bunki_v2.v Line: 102
Info (10041): Inferred latch for "IDstatus[1]" at bunki_v2.v(102) File: C:/Users/admin/Desktop/isle3/simple-team24/processor_third/bunki_v2/bunki_v2.v Line: 102
Info (10041): Inferred latch for "IFoneortwo" at bunki_v2.v(102) File: C:/Users/admin/Desktop/isle3/simple-team24/processor_third/bunki_v2/bunki_v2.v Line: 102
Info (10041): Inferred latch for "IFstatus[0]" at bunki_v2.v(102) File: C:/Users/admin/Desktop/isle3/simple-team24/processor_third/bunki_v2/bunki_v2.v Line: 102
Info (10041): Inferred latch for "IFstatus[1]" at bunki_v2.v(102) File: C:/Users/admin/Desktop/isle3/simple-team24/processor_third/bunki_v2/bunki_v2.v Line: 102
Info (10041): Inferred latch for "comp" at bunki_v2.v(102) File: C:/Users/admin/Desktop/isle3/simple-team24/processor_third/bunki_v2/bunki_v2.v Line: 102
Info (10041): Inferred latch for "minusflag" at bunki_v2.v(102) File: C:/Users/admin/Desktop/isle3/simple-team24/processor_third/bunki_v2/bunki_v2.v Line: 102
Info (10041): Inferred latch for "overflow" at bunki_v2.v(102) File: C:/Users/admin/Desktop/isle3/simple-team24/processor_third/bunki_v2/bunki_v2.v Line: 102
Info (10041): Inferred latch for "zeroflag" at bunki_v2.v(102) File: C:/Users/admin/Desktop/isle3/simple-team24/processor_third/bunki_v2/bunki_v2.v Line: 102
Info (10041): Inferred latch for "prefile[0][0]" at bunki_v2.v(102) File: C:/Users/admin/Desktop/isle3/simple-team24/processor_third/bunki_v2/bunki_v2.v Line: 102
Info (10041): Inferred latch for "prefile[0][1]" at bunki_v2.v(102) File: C:/Users/admin/Desktop/isle3/simple-team24/processor_third/bunki_v2/bunki_v2.v Line: 102
Info (10041): Inferred latch for "prefile[1][0]" at bunki_v2.v(102) File: C:/Users/admin/Desktop/isle3/simple-team24/processor_third/bunki_v2/bunki_v2.v Line: 102
Info (10041): Inferred latch for "prefile[1][1]" at bunki_v2.v(102) File: C:/Users/admin/Desktop/isle3/simple-team24/processor_third/bunki_v2/bunki_v2.v Line: 102
Info (10041): Inferred latch for "prefile[2][0]" at bunki_v2.v(102) File: C:/Users/admin/Desktop/isle3/simple-team24/processor_third/bunki_v2/bunki_v2.v Line: 102
Info (10041): Inferred latch for "prefile[2][1]" at bunki_v2.v(102) File: C:/Users/admin/Desktop/isle3/simple-team24/processor_third/bunki_v2/bunki_v2.v Line: 102
Info (10041): Inferred latch for "prefile[3][0]" at bunki_v2.v(102) File: C:/Users/admin/Desktop/isle3/simple-team24/processor_third/bunki_v2/bunki_v2.v Line: 102
Info (10041): Inferred latch for "prefile[3][1]" at bunki_v2.v(102) File: C:/Users/admin/Desktop/isle3/simple-team24/processor_third/bunki_v2/bunki_v2.v Line: 102
Info (10041): Inferred latch for "prefile[4][0]" at bunki_v2.v(102) File: C:/Users/admin/Desktop/isle3/simple-team24/processor_third/bunki_v2/bunki_v2.v Line: 102
Info (10041): Inferred latch for "prefile[4][1]" at bunki_v2.v(102) File: C:/Users/admin/Desktop/isle3/simple-team24/processor_third/bunki_v2/bunki_v2.v Line: 102
Info (10041): Inferred latch for "prefile[5][0]" at bunki_v2.v(102) File: C:/Users/admin/Desktop/isle3/simple-team24/processor_third/bunki_v2/bunki_v2.v Line: 102
Info (10041): Inferred latch for "prefile[5][1]" at bunki_v2.v(102) File: C:/Users/admin/Desktop/isle3/simple-team24/processor_third/bunki_v2/bunki_v2.v Line: 102
Info (10041): Inferred latch for "prefile[6][0]" at bunki_v2.v(102) File: C:/Users/admin/Desktop/isle3/simple-team24/processor_third/bunki_v2/bunki_v2.v Line: 102
Info (10041): Inferred latch for "prefile[6][1]" at bunki_v2.v(102) File: C:/Users/admin/Desktop/isle3/simple-team24/processor_third/bunki_v2/bunki_v2.v Line: 102
Info (10041): Inferred latch for "prefile[7][0]" at bunki_v2.v(102) File: C:/Users/admin/Desktop/isle3/simple-team24/processor_third/bunki_v2/bunki_v2.v Line: 102
Info (10041): Inferred latch for "prefile[7][1]" at bunki_v2.v(102) File: C:/Users/admin/Desktop/isle3/simple-team24/processor_third/bunki_v2/bunki_v2.v Line: 102
Info (10041): Inferred latch for "prefile[8][0]" at bunki_v2.v(102) File: C:/Users/admin/Desktop/isle3/simple-team24/processor_third/bunki_v2/bunki_v2.v Line: 102
Info (10041): Inferred latch for "prefile[8][1]" at bunki_v2.v(102) File: C:/Users/admin/Desktop/isle3/simple-team24/processor_third/bunki_v2/bunki_v2.v Line: 102
Info (10041): Inferred latch for "prefile[9][0]" at bunki_v2.v(102) File: C:/Users/admin/Desktop/isle3/simple-team24/processor_third/bunki_v2/bunki_v2.v Line: 102
Info (10041): Inferred latch for "prefile[9][1]" at bunki_v2.v(102) File: C:/Users/admin/Desktop/isle3/simple-team24/processor_third/bunki_v2/bunki_v2.v Line: 102
Info (10041): Inferred latch for "prefile[10][0]" at bunki_v2.v(102) File: C:/Users/admin/Desktop/isle3/simple-team24/processor_third/bunki_v2/bunki_v2.v Line: 102
Info (10041): Inferred latch for "prefile[10][1]" at bunki_v2.v(102) File: C:/Users/admin/Desktop/isle3/simple-team24/processor_third/bunki_v2/bunki_v2.v Line: 102
Info (10041): Inferred latch for "prefile[11][0]" at bunki_v2.v(102) File: C:/Users/admin/Desktop/isle3/simple-team24/processor_third/bunki_v2/bunki_v2.v Line: 102
Info (10041): Inferred latch for "prefile[11][1]" at bunki_v2.v(102) File: C:/Users/admin/Desktop/isle3/simple-team24/processor_third/bunki_v2/bunki_v2.v Line: 102
Info (10041): Inferred latch for "prefile[12][0]" at bunki_v2.v(102) File: C:/Users/admin/Desktop/isle3/simple-team24/processor_third/bunki_v2/bunki_v2.v Line: 102
Info (10041): Inferred latch for "prefile[12][1]" at bunki_v2.v(102) File: C:/Users/admin/Desktop/isle3/simple-team24/processor_third/bunki_v2/bunki_v2.v Line: 102
Info (10041): Inferred latch for "prefile[13][0]" at bunki_v2.v(102) File: C:/Users/admin/Desktop/isle3/simple-team24/processor_third/bunki_v2/bunki_v2.v Line: 102
Info (10041): Inferred latch for "prefile[13][1]" at bunki_v2.v(102) File: C:/Users/admin/Desktop/isle3/simple-team24/processor_third/bunki_v2/bunki_v2.v Line: 102
Info (10041): Inferred latch for "prefile[14][0]" at bunki_v2.v(102) File: C:/Users/admin/Desktop/isle3/simple-team24/processor_third/bunki_v2/bunki_v2.v Line: 102
Info (10041): Inferred latch for "prefile[14][1]" at bunki_v2.v(102) File: C:/Users/admin/Desktop/isle3/simple-team24/processor_third/bunki_v2/bunki_v2.v Line: 102
Info (10041): Inferred latch for "prefile[15][0]" at bunki_v2.v(102) File: C:/Users/admin/Desktop/isle3/simple-team24/processor_third/bunki_v2/bunki_v2.v Line: 102
Info (10041): Inferred latch for "prefile[15][1]" at bunki_v2.v(102) File: C:/Users/admin/Desktop/isle3/simple-team24/processor_third/bunki_v2/bunki_v2.v Line: 102
Warning (13012): Latch prefile[10][1] has unsafe behavior File: C:/Users/admin/Desktop/isle3/simple-team24/processor_third/bunki_v2/bunki_v2.v Line: 102
    Warning (13013): Ports D and ENA on the latch are fed by the same signal toconseq1 File: C:/Users/admin/Desktop/isle3/simple-team24/processor_third/bunki_v2/bunki_v2.v Line: 276
Warning (13012): Latch prefile[9][1] has unsafe behavior File: C:/Users/admin/Desktop/isle3/simple-team24/processor_third/bunki_v2/bunki_v2.v Line: 102
    Warning (13013): Ports D and ENA on the latch are fed by the same signal toconseq1 File: C:/Users/admin/Desktop/isle3/simple-team24/processor_third/bunki_v2/bunki_v2.v Line: 276
Warning (13012): Latch prefile[8][1] has unsafe behavior File: C:/Users/admin/Desktop/isle3/simple-team24/processor_third/bunki_v2/bunki_v2.v Line: 102
    Warning (13013): Ports D and ENA on the latch are fed by the same signal toconseq1 File: C:/Users/admin/Desktop/isle3/simple-team24/processor_third/bunki_v2/bunki_v2.v Line: 276
Warning (13012): Latch prefile[11][1] has unsafe behavior File: C:/Users/admin/Desktop/isle3/simple-team24/processor_third/bunki_v2/bunki_v2.v Line: 102
    Warning (13013): Ports D and ENA on the latch are fed by the same signal toconseq1 File: C:/Users/admin/Desktop/isle3/simple-team24/processor_third/bunki_v2/bunki_v2.v Line: 276
Warning (13012): Latch prefile[5][1] has unsafe behavior File: C:/Users/admin/Desktop/isle3/simple-team24/processor_third/bunki_v2/bunki_v2.v Line: 102
    Warning (13013): Ports D and ENA on the latch are fed by the same signal toconseq1 File: C:/Users/admin/Desktop/isle3/simple-team24/processor_third/bunki_v2/bunki_v2.v Line: 276
Warning (13012): Latch prefile[6][1] has unsafe behavior File: C:/Users/admin/Desktop/isle3/simple-team24/processor_third/bunki_v2/bunki_v2.v Line: 102
    Warning (13013): Ports D and ENA on the latch are fed by the same signal toconseq1 File: C:/Users/admin/Desktop/isle3/simple-team24/processor_third/bunki_v2/bunki_v2.v Line: 276
Warning (13012): Latch prefile[4][1] has unsafe behavior File: C:/Users/admin/Desktop/isle3/simple-team24/processor_third/bunki_v2/bunki_v2.v Line: 102
    Warning (13013): Ports D and ENA on the latch are fed by the same signal toconseq1 File: C:/Users/admin/Desktop/isle3/simple-team24/processor_third/bunki_v2/bunki_v2.v Line: 276
Warning (13012): Latch prefile[7][1] has unsafe behavior File: C:/Users/admin/Desktop/isle3/simple-team24/processor_third/bunki_v2/bunki_v2.v Line: 102
    Warning (13013): Ports D and ENA on the latch are fed by the same signal toconseq1 File: C:/Users/admin/Desktop/isle3/simple-team24/processor_third/bunki_v2/bunki_v2.v Line: 276
Warning (13012): Latch prefile[2][1] has unsafe behavior File: C:/Users/admin/Desktop/isle3/simple-team24/processor_third/bunki_v2/bunki_v2.v Line: 102
    Warning (13013): Ports D and ENA on the latch are fed by the same signal toconseq1 File: C:/Users/admin/Desktop/isle3/simple-team24/processor_third/bunki_v2/bunki_v2.v Line: 276
Warning (13012): Latch prefile[1][1] has unsafe behavior File: C:/Users/admin/Desktop/isle3/simple-team24/processor_third/bunki_v2/bunki_v2.v Line: 102
    Warning (13013): Ports D and ENA on the latch are fed by the same signal toconseq1 File: C:/Users/admin/Desktop/isle3/simple-team24/processor_third/bunki_v2/bunki_v2.v Line: 276
Warning (13012): Latch prefile[0][1] has unsafe behavior File: C:/Users/admin/Desktop/isle3/simple-team24/processor_third/bunki_v2/bunki_v2.v Line: 102
    Warning (13013): Ports D and ENA on the latch are fed by the same signal toconseq1 File: C:/Users/admin/Desktop/isle3/simple-team24/processor_third/bunki_v2/bunki_v2.v Line: 276
Warning (13012): Latch prefile[3][1] has unsafe behavior File: C:/Users/admin/Desktop/isle3/simple-team24/processor_third/bunki_v2/bunki_v2.v Line: 102
    Warning (13013): Ports D and ENA on the latch are fed by the same signal toconseq1 File: C:/Users/admin/Desktop/isle3/simple-team24/processor_third/bunki_v2/bunki_v2.v Line: 276
Warning (13012): Latch prefile[13][1] has unsafe behavior File: C:/Users/admin/Desktop/isle3/simple-team24/processor_third/bunki_v2/bunki_v2.v Line: 102
    Warning (13013): Ports D and ENA on the latch are fed by the same signal toconseq1 File: C:/Users/admin/Desktop/isle3/simple-team24/processor_third/bunki_v2/bunki_v2.v Line: 276
Warning (13012): Latch prefile[14][1] has unsafe behavior File: C:/Users/admin/Desktop/isle3/simple-team24/processor_third/bunki_v2/bunki_v2.v Line: 102
    Warning (13013): Ports D and ENA on the latch are fed by the same signal toconseq1 File: C:/Users/admin/Desktop/isle3/simple-team24/processor_third/bunki_v2/bunki_v2.v Line: 276
Warning (13012): Latch prefile[12][1] has unsafe behavior File: C:/Users/admin/Desktop/isle3/simple-team24/processor_third/bunki_v2/bunki_v2.v Line: 102
    Warning (13013): Ports D and ENA on the latch are fed by the same signal toconseq1 File: C:/Users/admin/Desktop/isle3/simple-team24/processor_third/bunki_v2/bunki_v2.v Line: 276
Warning (13012): Latch prefile[15][1] has unsafe behavior File: C:/Users/admin/Desktop/isle3/simple-team24/processor_third/bunki_v2/bunki_v2.v Line: 102
    Warning (13013): Ports D and ENA on the latch are fed by the same signal toconseq1 File: C:/Users/admin/Desktop/isle3/simple-team24/processor_third/bunki_v2/bunki_v2.v Line: 276
Warning (13012): Latch prefile[12][0] has unsafe behavior File: C:/Users/admin/Desktop/isle3/simple-team24/processor_third/bunki_v2/bunki_v2.v Line: 102
    Warning (13013): Ports D and ENA on the latch are fed by the same signal toconseq1 File: C:/Users/admin/Desktop/isle3/simple-team24/processor_third/bunki_v2/bunki_v2.v Line: 276
Warning (13012): Latch prefile[10][0] has unsafe behavior File: C:/Users/admin/Desktop/isle3/simple-team24/processor_third/bunki_v2/bunki_v2.v Line: 102
    Warning (13013): Ports D and ENA on the latch are fed by the same signal toconseq1 File: C:/Users/admin/Desktop/isle3/simple-team24/processor_third/bunki_v2/bunki_v2.v Line: 276
Warning (13012): Latch prefile[8][0] has unsafe behavior File: C:/Users/admin/Desktop/isle3/simple-team24/processor_third/bunki_v2/bunki_v2.v Line: 102
    Warning (13013): Ports D and ENA on the latch are fed by the same signal toconseq1 File: C:/Users/admin/Desktop/isle3/simple-team24/processor_third/bunki_v2/bunki_v2.v Line: 276
Warning (13012): Latch prefile[14][0] has unsafe behavior File: C:/Users/admin/Desktop/isle3/simple-team24/processor_third/bunki_v2/bunki_v2.v Line: 102
    Warning (13013): Ports D and ENA on the latch are fed by the same signal toconseq1 File: C:/Users/admin/Desktop/isle3/simple-team24/processor_third/bunki_v2/bunki_v2.v Line: 276
Warning (13012): Latch prefile[5][0] has unsafe behavior File: C:/Users/admin/Desktop/isle3/simple-team24/processor_third/bunki_v2/bunki_v2.v Line: 102
    Warning (13013): Ports D and ENA on the latch are fed by the same signal toconseq1 File: C:/Users/admin/Desktop/isle3/simple-team24/processor_third/bunki_v2/bunki_v2.v Line: 276
Warning (13012): Latch prefile[3][0] has unsafe behavior File: C:/Users/admin/Desktop/isle3/simple-team24/processor_third/bunki_v2/bunki_v2.v Line: 102
    Warning (13013): Ports D and ENA on the latch are fed by the same signal toconseq1 File: C:/Users/admin/Desktop/isle3/simple-team24/processor_third/bunki_v2/bunki_v2.v Line: 276
Warning (13012): Latch prefile[1][0] has unsafe behavior File: C:/Users/admin/Desktop/isle3/simple-team24/processor_third/bunki_v2/bunki_v2.v Line: 102
    Warning (13013): Ports D and ENA on the latch are fed by the same signal toconseq1 File: C:/Users/admin/Desktop/isle3/simple-team24/processor_third/bunki_v2/bunki_v2.v Line: 276
Warning (13012): Latch prefile[7][0] has unsafe behavior File: C:/Users/admin/Desktop/isle3/simple-team24/processor_third/bunki_v2/bunki_v2.v Line: 102
    Warning (13013): Ports D and ENA on the latch are fed by the same signal toconseq1 File: C:/Users/admin/Desktop/isle3/simple-team24/processor_third/bunki_v2/bunki_v2.v Line: 276
Warning (13012): Latch prefile[4][0] has unsafe behavior File: C:/Users/admin/Desktop/isle3/simple-team24/processor_third/bunki_v2/bunki_v2.v Line: 102
    Warning (13013): Ports D and ENA on the latch are fed by the same signal toconseq1 File: C:/Users/admin/Desktop/isle3/simple-team24/processor_third/bunki_v2/bunki_v2.v Line: 276
Warning (13012): Latch prefile[2][0] has unsafe behavior File: C:/Users/admin/Desktop/isle3/simple-team24/processor_third/bunki_v2/bunki_v2.v Line: 102
    Warning (13013): Ports D and ENA on the latch are fed by the same signal toconseq1 File: C:/Users/admin/Desktop/isle3/simple-team24/processor_third/bunki_v2/bunki_v2.v Line: 276
Warning (13012): Latch prefile[0][0] has unsafe behavior File: C:/Users/admin/Desktop/isle3/simple-team24/processor_third/bunki_v2/bunki_v2.v Line: 102
    Warning (13013): Ports D and ENA on the latch are fed by the same signal toconseq1 File: C:/Users/admin/Desktop/isle3/simple-team24/processor_third/bunki_v2/bunki_v2.v Line: 276
Warning (13012): Latch prefile[6][0] has unsafe behavior File: C:/Users/admin/Desktop/isle3/simple-team24/processor_third/bunki_v2/bunki_v2.v Line: 102
    Warning (13013): Ports D and ENA on the latch are fed by the same signal toconseq1 File: C:/Users/admin/Desktop/isle3/simple-team24/processor_third/bunki_v2/bunki_v2.v Line: 276
Warning (13012): Latch prefile[13][0] has unsafe behavior File: C:/Users/admin/Desktop/isle3/simple-team24/processor_third/bunki_v2/bunki_v2.v Line: 102
    Warning (13013): Ports D and ENA on the latch are fed by the same signal toconseq1 File: C:/Users/admin/Desktop/isle3/simple-team24/processor_third/bunki_v2/bunki_v2.v Line: 276
Warning (13012): Latch prefile[11][0] has unsafe behavior File: C:/Users/admin/Desktop/isle3/simple-team24/processor_third/bunki_v2/bunki_v2.v Line: 102
    Warning (13013): Ports D and ENA on the latch are fed by the same signal toconseq1 File: C:/Users/admin/Desktop/isle3/simple-team24/processor_third/bunki_v2/bunki_v2.v Line: 276
Warning (13012): Latch prefile[9][0] has unsafe behavior File: C:/Users/admin/Desktop/isle3/simple-team24/processor_third/bunki_v2/bunki_v2.v Line: 102
    Warning (13013): Ports D and ENA on the latch are fed by the same signal toconseq1 File: C:/Users/admin/Desktop/isle3/simple-team24/processor_third/bunki_v2/bunki_v2.v Line: 276
Warning (13012): Latch prefile[15][0] has unsafe behavior File: C:/Users/admin/Desktop/isle3/simple-team24/processor_third/bunki_v2/bunki_v2.v Line: 102
    Warning (13013): Ports D and ENA on the latch are fed by the same signal toconseq1 File: C:/Users/admin/Desktop/isle3/simple-team24/processor_third/bunki_v2/bunki_v2.v Line: 276
Info (286030): Timing-Driven Synthesis is running
Info (16010): Generating hard_block partition "hard_block:auto_generated_inst"
    Info (16011): Adding 0 node(s), including 0 DDIO, 0 PLL, 0 transceiver and 0 LCELL
Warning (21074): Design contains 1 input pin(s) that do not drive logic
    Warning (15610): No output dependent on input pin "clock" File: C:/Users/admin/Desktop/isle3/simple-team24/processor_third/bunki_v2/bunki_v2.v Line: 39
Info (21057): Implemented 303 device resources after synthesis - the final resource count might be different
    Info (21058): Implemented 34 input pins
    Info (21059): Implemented 16 output pins
    Info (21061): Implemented 253 logic cells
Info: Quartus Prime Analysis & Synthesis was successful. 0 errors, 104 warnings
    Info: Peak virtual memory: 4736 megabytes
    Info: Processing ended: Fri May 21 17:17:27 2021
    Info: Elapsed time: 00:00:24
    Info: Total CPU time (on all processors): 00:00:43


